mode: set
github.com/Originate/git-town/main.go:5.13,7.2 1 1
github.com/Originate/git-town/src/cfmt/print.go:12.30,15.2 2 0
github.com/Originate/git-town/src/cfmt/print.go:19.46,22.2 2 0
github.com/Originate/git-town/src/cfmt/print.go:26.32,29.2 2 0
github.com/Originate/git-town/src/cmd/alias.go:32.47,34.43 2 1
github.com/Originate/git-town/src/cmd/alias.go:34.43,35.14 1 1
github.com/Originate/git-town/src/cmd/alias.go:35.14,37.5 1 1
github.com/Originate/git-town/src/cmd/alias.go:37.5,39.5 1 1
github.com/Originate/git-town/src/cmd/alias.go:42.57,47.3 1 1
github.com/Originate/git-town/src/cmd/alias.go:50.31,52.2 1 1
github.com/Originate/git-town/src/cmd/alias.go:54.41,56.2 1 1
github.com/Originate/git-town/src/cmd/alias.go:58.43,60.2 1 1
github.com/Originate/git-town/src/cmd/alias.go:62.34,65.45 3 1
github.com/Originate/git-town/src/cmd/alias.go:65.45,67.3 1 1
github.com/Originate/git-town/src/cmd/alias.go:70.13,72.2 1 1
github.com/Originate/git-town/src/cmd/append.go:30.47,33.38 1 0
github.com/Originate/git-town/src/cmd/append.go:33.38,33.54 1 0
github.com/Originate/git-town/src/cmd/append.go:39.40,39.53 1 0
github.com/Originate/git-town/src/cmd/append.go:40.45,43.5 2 0
github.com/Originate/git-town/src/cmd/append.go:46.57,47.65 1 0
github.com/Originate/git-town/src/cmd/append.go:47.65,49.4 1 0
github.com/Originate/git-town/src/cmd/append.go:50.3,54.4 1 0
github.com/Originate/git-town/src/cmd/append.go:58.59,61.49 3 0
github.com/Originate/git-town/src/cmd/append.go:61.49,63.3 1 0
github.com/Originate/git-town/src/cmd/append.go:64.2,66.8 3 0
github.com/Originate/git-town/src/cmd/append.go:69.69,70.105 1 0
github.com/Originate/git-town/src/cmd/append.go:70.105,72.3 1 0
github.com/Originate/git-town/src/cmd/append.go:73.2,76.73 4 0
github.com/Originate/git-town/src/cmd/append.go:76.73,78.3 1 0
github.com/Originate/git-town/src/cmd/append.go:79.2,80.8 2 0
github.com/Originate/git-town/src/cmd/append.go:83.13,88.2 4 1
github.com/Originate/git-town/src/cmd/config.go:18.47,19.16 1 0
github.com/Originate/git-town/src/cmd/config.go:19.16,21.4 1 0
github.com/Originate/git-town/src/cmd/config.go:21.4,21.23 1 0
github.com/Originate/git-town/src/cmd/config.go:21.23,23.4 1 0
github.com/Originate/git-town/src/cmd/config.go:23.4,25.4 1 0
github.com/Originate/git-town/src/cmd/config.go:27.57,32.3 1 0
github.com/Originate/git-town/src/cmd/config.go:35.20,41.22 5 0
github.com/Originate/git-town/src/cmd/config.go:41.22,43.3 1 0
github.com/Originate/git-town/src/cmd/config.go:45.2,46.79 2 0
github.com/Originate/git-town/src/cmd/config.go:49.20,51.2 1 0
github.com/Originate/git-town/src/cmd/config.go:53.20,56.2 2 0
github.com/Originate/git-town/src/cmd/config.go:58.13,62.2 3 1
github.com/Originate/git-town/src/cmd/hack.go:32.47,34.38 1 0
github.com/Originate/git-town/src/cmd/hack.go:34.38,34.54 1 0
github.com/Originate/git-town/src/cmd/hack.go:40.40,40.53 1 0
github.com/Originate/git-town/src/cmd/hack.go:41.45,44.5 2 0
github.com/Originate/git-town/src/cmd/hack.go:47.57,48.52 1 0
github.com/Originate/git-town/src/cmd/hack.go:48.52,50.4 1 0
github.com/Originate/git-town/src/cmd/hack.go:51.3,55.4 1 0
github.com/Originate/git-town/src/cmd/hack.go:59.55,61.49 2 0
github.com/Originate/git-town/src/cmd/hack.go:61.49,63.3 1 0
github.com/Originate/git-town/src/cmd/hack.go:64.2,65.8 2 0
github.com/Originate/git-town/src/cmd/hack.go:68.65,72.73 4 0
github.com/Originate/git-town/src/cmd/hack.go:72.73,74.3 1 0
github.com/Originate/git-town/src/cmd/hack.go:75.2,76.8 2 0
github.com/Originate/git-town/src/cmd/hack.go:79.13,83.2 3 1
github.com/Originate/git-town/src/cmd/hack_push_flag.go:18.47,19.21 1 0
github.com/Originate/git-town/src/cmd/hack_push_flag.go:19.21,21.4 1 0
github.com/Originate/git-town/src/cmd/hack_push_flag.go:21.4,23.4 1 0
github.com/Originate/git-town/src/cmd/hack_push_flag.go:25.57,26.21 1 0
github.com/Originate/git-town/src/cmd/hack_push_flag.go:26.21,28.18 2 0
github.com/Originate/git-town/src/cmd/hack_push_flag.go:28.18,30.5 1 0
github.com/Originate/git-town/src/cmd/hack_push_flag.go:32.3,35.4 1 0
github.com/Originate/git-town/src/cmd/hack_push_flag.go:39.26,41.2 1 0
github.com/Originate/git-town/src/cmd/hack_push_flag.go:43.34,45.2 1 0
github.com/Originate/git-town/src/cmd/hack_push_flag.go:47.13,49.2 1 1
github.com/Originate/git-town/src/cmd/install_fish_autocompletion.go:17.47,19.3 1 0
github.com/Originate/git-town/src/cmd/install_fish_autocompletion.go:20.57,22.3 1 0
github.com/Originate/git-town/src/cmd/install_fish_autocompletion.go:25.34,29.34 4 0
github.com/Originate/git-town/src/cmd/install_fish_autocompletion.go:29.34,31.3 1 0
github.com/Originate/git-town/src/cmd/install_fish_autocompletion.go:32.2,34.60 3 0
github.com/Originate/git-town/src/cmd/install_fish_autocompletion.go:79.45,97.35 4 0
github.com/Originate/git-town/src/cmd/install_fish_autocompletion.go:97.35,99.3 1 0
github.com/Originate/git-town/src/cmd/install_fish_autocompletion.go:100.2,101.35 2 0
github.com/Originate/git-town/src/cmd/install_fish_autocompletion.go:101.35,103.3 1 0
github.com/Originate/git-town/src/cmd/install_fish_autocompletion.go:104.2,105.33 2 0
github.com/Originate/git-town/src/cmd/install_fish_autocompletion.go:105.33,107.3 1 0
github.com/Originate/git-town/src/cmd/install_fish_autocompletion.go:109.2,109.117 1 0
github.com/Originate/git-town/src/cmd/install_fish_autocompletion.go:112.13,114.2 1 1
github.com/Originate/git-town/src/cmd/kill.go:30.47,32.38 1 0
github.com/Originate/git-town/src/cmd/kill.go:32.38,32.54 1 0
github.com/Originate/git-town/src/cmd/kill.go:38.40,38.53 1 0
github.com/Originate/git-town/src/cmd/kill.go:39.45,41.5 1 0
github.com/Originate/git-town/src/cmd/kill.go:44.57,50.3 1 0
github.com/Originate/git-town/src/cmd/kill.go:53.55,56.20 2 0
github.com/Originate/git-town/src/cmd/kill.go:56.20,58.3 1 0
github.com/Originate/git-town/src/cmd/kill.go:58.3,60.3 1 0
github.com/Originate/git-town/src/cmd/kill.go:62.2,65.32 3 0
github.com/Originate/git-town/src/cmd/kill.go:65.32,67.3 1 0
github.com/Originate/git-town/src/cmd/kill.go:69.2,69.49 1 0
github.com/Originate/git-town/src/cmd/kill.go:69.49,71.3 1 0
github.com/Originate/git-town/src/cmd/kill.go:73.2,73.49 1 0
github.com/Originate/git-town/src/cmd/kill.go:73.49,75.3 1 0
github.com/Originate/git-town/src/cmd/kill.go:77.2,77.8 1 0
github.com/Originate/git-town/src/cmd/kill.go:80.65,81.32 1 0
github.com/Originate/git-town/src/cmd/kill.go:81.32,83.69 2 0
github.com/Originate/git-town/src/cmd/kill.go:83.69,85.4 1 0
github.com/Originate/git-town/src/cmd/kill.go:86.3,86.50 1 0
github.com/Originate/git-town/src/cmd/kill.go:86.50,87.28 1 0
github.com/Originate/git-town/src/cmd/kill.go:87.28,89.5 1 0
github.com/Originate/git-town/src/cmd/kill.go:90.4,90.76 1 0
github.com/Originate/git-town/src/cmd/kill.go:92.3,93.67 2 0
github.com/Originate/git-town/src/cmd/kill.go:93.67,95.4 1 0
github.com/Originate/git-town/src/cmd/kill.go:96.3,97.53 2 0
github.com/Originate/git-town/src/cmd/kill.go:98.3,98.29 1 0
github.com/Originate/git-town/src/cmd/kill.go:98.29,100.3 1 0
github.com/Originate/git-town/src/cmd/kill.go:100.3,103.3 2 0
github.com/Originate/git-town/src/cmd/kill.go:104.2,108.8 2 0
github.com/Originate/git-town/src/cmd/kill.go:111.13,114.2 2 1
github.com/Originate/git-town/src/cmd/main_branch.go:16.47,17.21 1 0
github.com/Originate/git-town/src/cmd/main_branch.go:17.21,19.4 1 0
github.com/Originate/git-town/src/cmd/main_branch.go:19.4,21.4 1 0
github.com/Originate/git-town/src/cmd/main_branch.go:23.57,28.3 1 0
github.com/Originate/git-town/src/cmd/main_branch.go:31.24,33.2 1 0
github.com/Originate/git-town/src/cmd/main_branch.go:35.39,38.2 2 0
github.com/Originate/git-town/src/cmd/main_branch.go:40.13,42.2 1 1
github.com/Originate/git-town/src/cmd/new-pull-request.go:37.47,39.38 1 0
github.com/Originate/git-town/src/cmd/new-pull-request.go:39.38,39.54 1 0
github.com/Originate/git-town/src/cmd/new-pull-request.go:45.40,45.53 1 0
github.com/Originate/git-town/src/cmd/new-pull-request.go:46.45,49.5 2 0
github.com/Originate/git-town/src/cmd/new-pull-request.go:52.57,60.3 1 0
github.com/Originate/git-town/src/cmd/new-pull-request.go:63.62,64.29 1 0
github.com/Originate/git-town/src/cmd/new-pull-request.go:64.29,66.3 1 0
github.com/Originate/git-town/src/cmd/new-pull-request.go:67.2,70.8 4 0
github.com/Originate/git-town/src/cmd/new-pull-request.go:73.85,74.51 1 0
github.com/Originate/git-town/src/cmd/new-pull-request.go:74.51,76.3 1 0
github.com/Originate/git-town/src/cmd/new-pull-request.go:77.2,79.8 3 0
github.com/Originate/git-town/src/cmd/new-pull-request.go:82.13,86.2 3 1
github.com/Originate/git-town/src/cmd/offline-mode.go:13.47,14.21 1 0
github.com/Originate/git-town/src/cmd/offline-mode.go:14.21,16.4 1 0
github.com/Originate/git-town/src/cmd/offline-mode.go:16.4,18.4 1 0
github.com/Originate/git-town/src/cmd/offline-mode.go:20.57,21.21 1 0
github.com/Originate/git-town/src/cmd/offline-mode.go:21.21,23.18 2 0
github.com/Originate/git-town/src/cmd/offline-mode.go:23.18,25.5 1 0
github.com/Originate/git-town/src/cmd/offline-mode.go:27.3,27.34 1 0
github.com/Originate/git-town/src/cmd/offline-mode.go:31.25,33.2 1 0
github.com/Originate/git-town/src/cmd/offline-mode.go:35.33,37.2 1 0
github.com/Originate/git-town/src/cmd/offline-mode.go:39.13,41.2 1 1
github.com/Originate/git-town/src/cmd/perennial_branches.go:22.47,23.24 1 0
github.com/Originate/git-town/src/cmd/perennial_branches.go:23.24,25.4 1 0
github.com/Originate/git-town/src/cmd/perennial_branches.go:25.4,25.34 1 0
github.com/Originate/git-town/src/cmd/perennial_branches.go:25.34,27.4 1 0
github.com/Originate/git-town/src/cmd/perennial_branches.go:27.4,29.4 1 0
github.com/Originate/git-town/src/cmd/perennial_branches.go:31.57,36.3 1 0
github.com/Originate/git-town/src/cmd/perennial_branches.go:39.44,44.2 4 0
github.com/Originate/git-town/src/cmd/perennial_branches.go:46.31,48.2 1 0
github.com/Originate/git-town/src/cmd/perennial_branches.go:50.47,53.2 2 0
github.com/Originate/git-town/src/cmd/perennial_branches.go:55.13,59.2 3 1
github.com/Originate/git-town/src/cmd/prepend.go:37.47,39.38 1 0
github.com/Originate/git-town/src/cmd/prepend.go:39.38,39.54 1 0
github.com/Originate/git-town/src/cmd/prepend.go:45.40,45.53 1 0
github.com/Originate/git-town/src/cmd/prepend.go:46.45,49.5 2 0
github.com/Originate/git-town/src/cmd/prepend.go:52.57,53.65 1 0
github.com/Originate/git-town/src/cmd/prepend.go:53.65,55.4 1 0
github.com/Originate/git-town/src/cmd/prepend.go:56.3,60.4 1 0
github.com/Originate/git-town/src/cmd/prepend.go:64.61,67.49 3 0
github.com/Originate/git-town/src/cmd/prepend.go:67.49,69.3 1 0
github.com/Originate/git-town/src/cmd/prepend.go:70.2,74.8 5 0
github.com/Originate/git-town/src/cmd/prepend.go:77.71,78.75 1 0
github.com/Originate/git-town/src/cmd/prepend.go:78.75,80.3 1 0
github.com/Originate/git-town/src/cmd/prepend.go:81.2,85.73 5 0
github.com/Originate/git-town/src/cmd/prepend.go:85.73,87.3 1 0
github.com/Originate/git-town/src/cmd/prepend.go:88.2,89.8 2 0
github.com/Originate/git-town/src/cmd/prepend.go:92.13,97.2 4 1
github.com/Originate/git-town/src/cmd/prune_branches.go:18.47,20.38 1 0
github.com/Originate/git-town/src/cmd/prune_branches.go:20.38,20.54 1 0
github.com/Originate/git-town/src/cmd/prune_branches.go:26.40,26.53 1 0
github.com/Originate/git-town/src/cmd/prune_branches.go:27.45,30.5 2 0
github.com/Originate/git-town/src/cmd/prune_branches.go:33.57,40.3 1 0
github.com/Originate/git-town/src/cmd/prune_branches.go:43.40,44.29 1 0
github.com/Originate/git-town/src/cmd/prune_branches.go:44.29,46.3 1 0
github.com/Originate/git-town/src/cmd/prune_branches.go:49.57,51.79 2 0
github.com/Originate/git-town/src/cmd/prune_branches.go:51.79,52.38 1 0
github.com/Originate/git-town/src/cmd/prune_branches.go:52.38,54.4 1 0
github.com/Originate/git-town/src/cmd/prune_branches.go:56.3,57.19 2 0
github.com/Originate/git-town/src/cmd/prune_branches.go:57.19,58.59 1 0
github.com/Originate/git-town/src/cmd/prune_branches.go:58.59,60.5 1 0
github.com/Originate/git-town/src/cmd/prune_branches.go:61.4,62.54 2 0
github.com/Originate/git-town/src/cmd/prune_branches.go:65.3,65.70 1 0
github.com/Originate/git-town/src/cmd/prune_branches.go:67.2,68.8 2 0
github.com/Originate/git-town/src/cmd/prune_branches.go:71.13,74.2 2 1
github.com/Originate/git-town/src/cmd/pull_branch_strategy.go:20.47,21.21 1 0
github.com/Originate/git-town/src/cmd/pull_branch_strategy.go:21.21,23.4 1 0
github.com/Originate/git-town/src/cmd/pull_branch_strategy.go:23.4,25.4 1 0
github.com/Originate/git-town/src/cmd/pull_branch_strategy.go:27.57,28.66 1 0
github.com/Originate/git-town/src/cmd/pull_branch_strategy.go:28.66,30.4 1 0
github.com/Originate/git-town/src/cmd/pull_branch_strategy.go:31.3,34.4 1 0
github.com/Originate/git-town/src/cmd/pull_branch_strategy.go:38.32,40.2 1 0
github.com/Originate/git-town/src/cmd/pull_branch_strategy.go:42.42,44.2 1 0
github.com/Originate/git-town/src/cmd/pull_branch_strategy.go:46.13,48.2 1 1
github.com/Originate/git-town/src/cmd/rename_branch.go:44.47,46.38 1 1
github.com/Originate/git-town/src/cmd/rename_branch.go:46.38,46.54 1 0
github.com/Originate/git-town/src/cmd/rename_branch.go:52.40,52.53 1 0
github.com/Originate/git-town/src/cmd/rename_branch.go:53.45,56.5 2 1
github.com/Originate/git-town/src/cmd/rename_branch.go:59.57,60.34 1 1
github.com/Originate/git-town/src/cmd/rename_branch.go:60.34,62.4 1 0
github.com/Originate/git-town/src/cmd/rename_branch.go:63.3,67.4 1 1
github.com/Originate/git-town/src/cmd/rename_branch.go:71.71,72.20 1 1
github.com/Originate/git-town/src/cmd/rename_branch.go:72.20,75.3 2 1
github.com/Originate/git-town/src/cmd/rename_branch.go:75.3,78.3 2 1
github.com/Originate/git-town/src/cmd/rename_branch.go:79.2,80.16 2 1
github.com/Originate/git-town/src/cmd/rename_branch.go:80.16,82.3 1 1
github.com/Originate/git-town/src/cmd/rename_branch.go:83.2,83.50 1 1
github.com/Originate/git-town/src/cmd/rename_branch.go:83.50,85.3 1 0
github.com/Originate/git-town/src/cmd/rename_branch.go:86.2,86.22 1 1
github.com/Originate/git-town/src/cmd/rename_branch.go:86.22,88.3 1 1
github.com/Originate/git-town/src/cmd/rename_branch.go:89.2,92.8 4 1
github.com/Originate/git-town/src/cmd/rename_branch.go:95.81,97.56 2 1
github.com/Originate/git-town/src/cmd/rename_branch.go:97.56,99.3 1 1
github.com/Originate/git-town/src/cmd/rename_branch.go:100.2,100.49 1 1
github.com/Originate/git-town/src/cmd/rename_branch.go:100.49,103.3 2 1
github.com/Originate/git-town/src/cmd/rename_branch.go:103.3,106.3 2 1
github.com/Originate/git-town/src/cmd/rename_branch.go:107.2,107.67 1 1
github.com/Originate/git-town/src/cmd/rename_branch.go:107.67,109.3 1 1
github.com/Originate/git-town/src/cmd/rename_branch.go:110.2,111.69 2 1
github.com/Originate/git-town/src/cmd/rename_branch.go:111.69,114.3 2 1
github.com/Originate/git-town/src/cmd/rename_branch.go:115.2,117.8 3 1
github.com/Originate/git-town/src/cmd/rename_branch.go:120.13,124.2 3 1
github.com/Originate/git-town/src/cmd/repo.go:23.47,26.3 2 0
github.com/Originate/git-town/src/cmd/repo.go:27.57,35.3 1 0
github.com/Originate/git-town/src/cmd/repo.go:38.13,40.2 1 1
github.com/Originate/git-town/src/cmd/root.go:23.16,27.42 3 1
github.com/Originate/git-town/src/cmd/root.go:27.42,30.3 2 0
github.com/Originate/git-town/src/cmd/set_parent_branch.go:15.47,17.3 1 0
github.com/Originate/git-town/src/cmd/set_parent_branch.go:18.57,23.3 1 0
github.com/Originate/git-town/src/cmd/set_parent_branch.go:26.56,31.2 4 0
github.com/Originate/git-town/src/cmd/set_parent_branch.go:33.13,35.2 1 1
github.com/Originate/git-town/src/cmd/shared.go:27.42,28.16 1 0
github.com/Originate/git-town/src/cmd/shared.go:28.16,30.3 1 0
github.com/Originate/git-town/src/cmd/shared.go:31.2,31.12 1 0
github.com/Originate/git-town/src/cmd/shared.go:34.67,35.22 1 1
github.com/Originate/git-town/src/cmd/shared.go:35.22,40.3 1 1
github.com/Originate/git-town/src/cmd/shared.go:43.48,44.37 1 1
github.com/Originate/git-town/src/cmd/shared.go:44.37,46.3 1 0
github.com/Originate/git-town/src/cmd/shared.go:47.2,47.12 1 1
github.com/Originate/git-town/src/cmd/shared.go:50.59,51.22 1 1
github.com/Originate/git-town/src/cmd/shared.go:51.22,53.3 1 1
github.com/Originate/git-town/src/cmd/shared.go:56.52,57.21 1 1
github.com/Originate/git-town/src/cmd/shared.go:57.21,59.3 1 0
github.com/Originate/git-town/src/cmd/shared.go:60.2,60.12 1 1
github.com/Originate/git-town/src/cmd/shared.go:63.63,64.22 1 1
github.com/Originate/git-town/src/cmd/shared.go:64.22,66.3 1 1
github.com/Originate/git-town/src/cmd/shared.go:69.52,70.21 1 1
github.com/Originate/git-town/src/cmd/shared.go:70.21,72.3 1 0
github.com/Originate/git-town/src/cmd/shared.go:73.2,73.12 1 1
github.com/Originate/git-town/src/cmd/shared.go:76.63,77.22 1 1
github.com/Originate/git-town/src/cmd/shared.go:77.22,79.3 1 1
github.com/Originate/git-town/src/cmd/shared.go:82.35,85.2 2 1
github.com/Originate/git-town/src/cmd/ship.go:48.47,50.38 1 0
github.com/Originate/git-town/src/cmd/ship.go:50.38,50.54 1 0
github.com/Originate/git-town/src/cmd/ship.go:56.40,56.53 1 0
github.com/Originate/git-town/src/cmd/ship.go:57.45,60.5 2 0
github.com/Originate/git-town/src/cmd/ship.go:63.57,69.3 1 0
github.com/Originate/git-town/src/cmd/ship.go:72.55,74.20 2 0
github.com/Originate/git-town/src/cmd/ship.go:74.20,76.3 1 0
github.com/Originate/git-town/src/cmd/ship.go:76.3,78.3 1 0
github.com/Originate/git-town/src/cmd/ship.go:79.2,79.49 1 0
github.com/Originate/git-town/src/cmd/ship.go:79.49,81.3 1 0
github.com/Originate/git-town/src/cmd/ship.go:82.2,82.49 1 0
github.com/Originate/git-town/src/cmd/ship.go:82.49,84.3 1 0
github.com/Originate/git-town/src/cmd/ship.go:85.2,85.49 1 0
github.com/Originate/git-town/src/cmd/ship.go:85.49,87.3 1 0
github.com/Originate/git-town/src/cmd/ship.go:88.2,91.8 4 0
github.com/Originate/git-town/src/cmd/ship.go:94.67,96.77 2 0
github.com/Originate/git-town/src/cmd/ship.go:96.77,104.3 4 0
github.com/Originate/git-town/src/cmd/ship.go:107.65,118.23 11 0
github.com/Originate/git-town/src/cmd/ship.go:118.23,121.3 2 0
github.com/Originate/git-town/src/cmd/ship.go:121.3,123.3 1 0
github.com/Originate/git-town/src/cmd/ship.go:124.2,124.43 1 0
github.com/Originate/git-town/src/cmd/ship.go:124.43,126.3 1 0
github.com/Originate/git-town/src/cmd/ship.go:127.2,128.112 2 0
github.com/Originate/git-town/src/cmd/ship.go:128.112,130.3 1 0
github.com/Originate/git-town/src/cmd/ship.go:131.2,133.38 3 0
github.com/Originate/git-town/src/cmd/ship.go:133.38,135.3 1 0
github.com/Originate/git-town/src/cmd/ship.go:136.2,137.30 2 0
github.com/Originate/git-town/src/cmd/ship.go:137.30,139.3 1 0
github.com/Originate/git-town/src/cmd/ship.go:140.2,141.8 2 0
github.com/Originate/git-town/src/cmd/ship.go:144.71,145.30 1 0
github.com/Originate/git-town/src/cmd/ship.go:145.30,147.3 1 0
github.com/Originate/git-town/src/cmd/ship.go:148.2,148.21 1 0
github.com/Originate/git-town/src/cmd/ship.go:148.21,150.3 1 0
github.com/Originate/git-town/src/cmd/ship.go:151.2,152.19 2 0
github.com/Originate/git-town/src/cmd/ship.go:152.19,154.3 1 0
github.com/Originate/git-town/src/cmd/ship.go:155.2,157.39 3 0
github.com/Originate/git-town/src/cmd/ship.go:160.13,166.2 5 1
github.com/Originate/git-town/src/cmd/sync.go:40.47,42.25 1 0
github.com/Originate/git-town/src/cmd/sync.go:42.25,44.5 1 0
github.com/Originate/git-town/src/cmd/sync.go:50.40,52.5 1 0
github.com/Originate/git-town/src/cmd/sync.go:53.45,55.5 1 0
github.com/Originate/git-town/src/cmd/sync.go:58.57,65.3 1 0
github.com/Originate/git-town/src/cmd/sync.go:68.42,69.49 1 0
github.com/Originate/git-town/src/cmd/sync.go:69.49,71.3 1 0
github.com/Originate/git-town/src/cmd/sync.go:72.2,73.13 2 0
github.com/Originate/git-town/src/cmd/sync.go:73.13,78.3 4 0
github.com/Originate/git-town/src/cmd/sync.go:78.3,78.54 1 0
github.com/Originate/git-town/src/cmd/sync.go:78.54,81.3 2 0
github.com/Originate/git-town/src/cmd/sync.go:81.3,84.3 2 0
github.com/Originate/git-town/src/cmd/sync.go:85.2,85.8 1 0
github.com/Originate/git-town/src/cmd/sync.go:88.65,89.51 1 0
github.com/Originate/git-town/src/cmd/sync.go:89.51,91.3 1 0
github.com/Originate/git-town/src/cmd/sync.go:92.2,93.74 2 0
github.com/Originate/git-town/src/cmd/sync.go:93.74,95.3 1 0
github.com/Originate/git-town/src/cmd/sync.go:96.2,97.8 2 0
github.com/Originate/git-town/src/cmd/sync.go:100.13,107.2 6 1
github.com/Originate/git-town/src/cmd/version.go:13.47,15.3 1 0
github.com/Originate/git-town/src/cmd/version.go:18.13,20.2 1 1
github.com/Originate/git-town/src/drivers/bitbucket.go:18.72,20.2 1 0
github.com/Originate/git-town/src/drivers/bitbucket.go:22.109,24.2 1 0
github.com/Originate/git-town/src/drivers/bitbucket.go:26.95,31.2 4 0
github.com/Originate/git-town/src/drivers/bitbucket.go:33.64,35.2 1 0
github.com/Originate/git-town/src/drivers/bitbucket.go:37.104,39.2 1 0
github.com/Originate/git-town/src/drivers/bitbucket.go:41.66,43.2 1 0
github.com/Originate/git-town/src/drivers/bitbucket.go:45.69,49.2 3 0
github.com/Originate/git-town/src/drivers/bitbucket.go:51.79,53.2 1 0
github.com/Originate/git-town/src/drivers/bitbucket.go:55.62,57.2 1 0
github.com/Originate/git-town/src/drivers/bitbucket.go:59.67,59.69 0 0
github.com/Originate/git-town/src/drivers/bitbucket.go:61.13,63.2 1 1
github.com/Originate/git-town/src/drivers/core.go:12.42,13.25 1 0
github.com/Originate/git-town/src/drivers/core.go:13.25,19.26 2 0
github.com/Originate/git-town/src/drivers/core.go:19.26,21.4 1 0
github.com/Originate/git-town/src/drivers/core.go:23.2,23.21 1 0
github.com/Originate/git-town/src/drivers/core.go:27.63,29.2 1 0
github.com/Originate/git-town/src/drivers/core.go:32.32,34.19 2 0
github.com/Originate/git-town/src/drivers/core.go:34.19,36.3 1 0
github.com/Originate/git-town/src/drivers/core.go:37.2,37.12 1 0
github.com/Originate/git-town/src/drivers/github.go:25.69,27.2 1 0
github.com/Originate/git-town/src/drivers/github.go:29.106,30.22 1 0
github.com/Originate/git-town/src/drivers/github.go:30.22,32.3 1 0
github.com/Originate/git-town/src/drivers/github.go:33.2,35.16 3 0
github.com/Originate/git-town/src/drivers/github.go:35.16,37.3 1 0
github.com/Originate/git-town/src/drivers/github.go:38.2,38.28 1 0
github.com/Originate/git-town/src/drivers/github.go:38.28,40.3 1 0
github.com/Originate/git-town/src/drivers/github.go:41.2,41.62 1 0
github.com/Originate/git-town/src/drivers/github.go:44.99,46.41 2 0
github.com/Originate/git-town/src/drivers/github.go:46.41,48.3 1 0
github.com/Originate/git-town/src/drivers/github.go:49.2,49.79 1 0
github.com/Originate/git-town/src/drivers/github.go:52.61,54.2 1 0
github.com/Originate/git-town/src/drivers/github.go:56.101,59.16 3 0
github.com/Originate/git-town/src/drivers/github.go:59.16,61.3 1 0
github.com/Originate/git-town/src/drivers/github.go:62.2,62.36 1 0
github.com/Originate/git-town/src/drivers/github.go:65.63,67.2 1 0
github.com/Originate/git-town/src/drivers/github.go:69.66,74.31 5 0
github.com/Originate/git-town/src/drivers/github.go:74.31,77.3 2 0
github.com/Originate/git-town/src/drivers/github.go:80.76,82.2 1 0
github.com/Originate/git-town/src/drivers/github.go:84.59,86.2 1 0
github.com/Originate/git-town/src/drivers/github.go:88.64,90.2 1 0
github.com/Originate/git-town/src/drivers/github.go:92.13,94.2 1 1
github.com/Originate/git-town/src/drivers/github.go:98.45,99.21 1 0
github.com/Originate/git-town/src/drivers/github.go:99.21,105.3 3 0
github.com/Originate/git-town/src/drivers/github.go:108.99,110.2 1 0
github.com/Originate/git-town/src/drivers/github.go:112.102,114.16 2 0
github.com/Originate/git-town/src/drivers/github.go:114.16,116.3 1 0
github.com/Originate/git-town/src/drivers/github.go:117.2,117.28 1 0
github.com/Originate/git-town/src/drivers/github.go:117.28,119.3 1 0
github.com/Originate/git-town/src/drivers/github.go:120.2,120.27 1 0
github.com/Originate/git-town/src/drivers/github.go:120.27,122.44 2 0
github.com/Originate/git-town/src/drivers/github.go:122.44,124.4 1 0
github.com/Originate/git-town/src/drivers/github.go:125.3,125.109 1 0
github.com/Originate/git-town/src/drivers/github.go:127.2,127.37 1 0
github.com/Originate/git-town/src/drivers/github.go:130.111,137.2 2 0
github.com/Originate/git-town/src/drivers/github.go:139.101,141.16 2 0
github.com/Originate/git-town/src/drivers/github.go:141.16,143.3 1 0
github.com/Originate/git-town/src/drivers/github.go:144.2,144.25 1 0
github.com/Originate/git-town/src/drivers/github.go:144.25,146.3 1 0
github.com/Originate/git-town/src/drivers/github.go:147.2,150.34 4 0
github.com/Originate/git-town/src/drivers/github.go:150.34,152.3 1 0
github.com/Originate/git-town/src/drivers/github.go:153.2,157.16 2 0
github.com/Originate/git-town/src/drivers/github.go:157.16,159.3 1 0
github.com/Originate/git-town/src/drivers/github.go:160.2,160.25 1 0
github.com/Originate/git-town/src/drivers/github.go:163.100,168.16 2 0
github.com/Originate/git-town/src/drivers/github.go:168.16,170.3 1 0
github.com/Originate/git-town/src/drivers/github.go:171.2,171.43 1 0
github.com/Originate/git-town/src/drivers/github.go:171.43,172.26 1 0
github.com/Originate/git-town/src/drivers/github.go:172.26,174.4 1 0
github.com/Originate/git-town/src/drivers/github.go:175.3,180.17 2 0
github.com/Originate/git-town/src/drivers/github.go:180.17,182.4 1 0
github.com/Originate/git-town/src/drivers/github.go:184.2,184.12 1 0
github.com/Originate/git-town/src/drivers/gitlab.go:17.69,19.2 1 0
github.com/Originate/git-town/src/drivers/gitlab.go:21.106,23.2 1 0
github.com/Originate/git-town/src/drivers/gitlab.go:25.92,30.2 4 0
github.com/Originate/git-town/src/drivers/gitlab.go:32.61,34.2 1 0
github.com/Originate/git-town/src/drivers/gitlab.go:36.101,38.2 1 0
github.com/Originate/git-town/src/drivers/gitlab.go:40.63,42.2 1 0
github.com/Originate/git-town/src/drivers/gitlab.go:44.66,48.2 3 0
github.com/Originate/git-town/src/drivers/gitlab.go:50.76,52.2 1 0
github.com/Originate/git-town/src/drivers/gitlab.go:54.59,56.2 1 0
github.com/Originate/git-town/src/drivers/gitlab.go:58.64,58.66 0 0
github.com/Originate/git-town/src/drivers/gitlab.go:60.13,62.2 1 1
github.com/Originate/git-town/src/drivers/registry.go:13.89,14.35 1 0
github.com/Originate/git-town/src/drivers/registry.go:14.35,16.41 2 0
github.com/Originate/git-town/src/drivers/registry.go:16.41,18.4 1 0
github.com/Originate/git-town/src/drivers/registry.go:19.3,19.49 1 0
github.com/Originate/git-town/src/drivers/registry.go:19.49,21.4 1 0
github.com/Originate/git-town/src/drivers/registry.go:23.2,23.12 1 0
github.com/Originate/git-town/src/drivers/registry.go:27.52,28.35 1 0
github.com/Originate/git-town/src/drivers/registry.go:28.35,30.3 1 0
github.com/Originate/git-town/src/drivers/registry.go:31.2,32.8 2 0
github.com/Originate/git-town/src/drivers/registry.go:37.61,39.2 1 1
github.com/Originate/git-town/src/drivers/unsupported_hosting_service_error.go:11.56,13.54 2 0
github.com/Originate/git-town/src/drivers/unsupported_hosting_service_error.go:13.54,15.3 1 0
github.com/Originate/git-town/src/drivers/unsupported_hosting_service_error.go:16.2,16.15 1 0
github.com/Originate/git-town/src/drivers/util.go:10.31,14.2 3 0
github.com/Originate/git-town/src/dryrun/index.go:7.41,10.2 2 0
github.com/Originate/git-town/src/dryrun/index.go:13.22,15.2 1 1
github.com/Originate/git-town/src/dryrun/index.go:18.36,20.2 1 0
github.com/Originate/git-town/src/dryrun/index.go:23.46,25.2 1 0
github.com/Originate/git-town/src/git/branch.go:15.60,17.2 1 1
github.com/Originate/git-town/src/git/branch.go:20.64,22.2 1 1
github.com/Originate/git-town/src/git/branch.go:25.49,27.2 1 1
github.com/Originate/git-town/src/git/branch.go:30.41,32.2 1 1
github.com/Originate/git-town/src/git/branch.go:35.61,37.2 1 1
github.com/Originate/git-town/src/git/branch.go:40.66,42.2 1 1
github.com/Originate/git-town/src/git/branch.go:45.63,47.2 1 0
github.com/Originate/git-town/src/git/branch.go:50.36,51.23 1 1
github.com/Originate/git-town/src/git/branch.go:51.23,53.3 1 0
github.com/Originate/git-town/src/git/branch.go:54.2,54.26 1 1
github.com/Originate/git-town/src/git/branch.go:54.26,56.3 1 0
github.com/Originate/git-town/src/git/branch.go:57.2,57.74 1 1
github.com/Originate/git-town/src/git/branch.go:62.108,63.55 1 1
github.com/Originate/git-town/src/git/branch.go:63.55,64.80 1 1
github.com/Originate/git-town/src/git/branch.go:64.80,66.4 1 1
github.com/Originate/git-town/src/git/branch.go:67.3,67.23 1 0
github.com/Originate/git-town/src/git/branch.go:69.2,69.24 1 1
github.com/Originate/git-town/src/git/branch.go:74.43,76.51 2 1
github.com/Originate/git-town/src/git/branch.go:76.51,80.3 3 1
github.com/Originate/git-town/src/git/branch.go:81.2,81.8 1 1
github.com/Originate/git-town/src/git/branch.go:86.70,88.51 2 0
github.com/Originate/git-town/src/git/branch.go:88.51,93.61 5 0
github.com/Originate/git-town/src/git/branch.go:93.61,95.4 1 0
github.com/Originate/git-town/src/git/branch.go:97.2,97.8 1 0
github.com/Originate/git-town/src/git/branch.go:104.62,107.44 3 0
github.com/Originate/git-town/src/git/branch.go:107.44,108.27 1 0
github.com/Originate/git-town/src/git/branch.go:108.27,110.4 1 0
github.com/Originate/git-town/src/git/branch.go:112.2,112.8 1 0
github.com/Originate/git-town/src/git/branch.go:116.45,118.16 2 1
github.com/Originate/git-town/src/git/branch.go:118.16,120.3 1 1
github.com/Originate/git-town/src/git/branch.go:121.2,121.15 1 1
github.com/Originate/git-town/src/git/branch.go:126.54,128.2 1 1
github.com/Originate/git-town/src/git/branch.go:132.40,134.51 2 1
github.com/Originate/git-town/src/git/branch.go:134.51,138.25 4 1
github.com/Originate/git-town/src/git/branch.go:138.25,140.4 1 1
github.com/Originate/git-town/src/git/branch.go:142.2,142.14 1 1
github.com/Originate/git-town/src/git/branch.go:147.45,149.2 1 1
github.com/Originate/git-town/src/git/branch.go:153.48,156.51 3 1
github.com/Originate/git-town/src/git/branch.go:156.51,157.52 1 1
github.com/Originate/git-town/src/git/branch.go:157.52,159.4 1 1
github.com/Originate/git-town/src/git/branch.go:161.2,161.14 1 0
github.com/Originate/git-town/src/git/branch.go:165.45,166.35 1 1
github.com/Originate/git-town/src/git/branch.go:166.35,170.3 3 1
github.com/Originate/git-town/src/git/branch.go:171.2,171.13 1 0
github.com/Originate/git-town/src/git/branch.go:176.51,180.2 3 0
github.com/Originate/git-town/src/git/branch.go:184.48,190.2 5 0
github.com/Originate/git-town/src/git/config.go:20.48,22.2 1 1
github.com/Originate/git-town/src/git/config.go:26.67,28.6 2 0
github.com/Originate/git-town/src/git/config.go:28.6,29.58 1 0
github.com/Originate/git-town/src/git/config.go:29.58,31.4 1 0
github.com/Originate/git-town/src/git/config.go:32.3,33.19 2 0
github.com/Originate/git-town/src/git/config.go:33.19,35.4 1 0
github.com/Originate/git-town/src/git/config.go:36.3,37.19 2 0
github.com/Originate/git-town/src/git/config.go:43.34,44.89 1 1
github.com/Originate/git-town/src/git/config.go:44.89,46.3 1 1
github.com/Originate/git-town/src/git/config.go:51.44,53.2 1 1
github.com/Originate/git-town/src/git/config.go:56.60,58.2 1 0
github.com/Originate/git-town/src/git/config.go:64.54,66.17 2 0
github.com/Originate/git-town/src/git/config.go:66.17,68.3 1 0
github.com/Originate/git-town/src/git/config.go:69.2,69.34 1 0
github.com/Originate/git-town/src/git/config.go:74.60,75.86 1 1
github.com/Originate/git-town/src/git/config.go:75.86,77.27 2 1
github.com/Originate/git-town/src/git/config.go:77.27,80.4 2 1
github.com/Originate/git-town/src/git/config.go:82.2,82.8 1 1
github.com/Originate/git-town/src/git/config.go:87.56,90.2 2 1
github.com/Originate/git-town/src/git/config.go:93.62,94.42 1 1
github.com/Originate/git-town/src/git/config.go:94.42,96.3 1 1
github.com/Originate/git-town/src/git/config.go:97.2,97.8 1 1
github.com/Originate/git-town/src/git/config.go:101.29,103.2 1 1
github.com/Originate/git-town/src/git/config.go:106.48,108.2 1 1
github.com/Originate/git-town/src/git/config.go:111.38,113.18 2 1
github.com/Originate/git-town/src/git/config.go:113.18,115.3 1 1
github.com/Originate/git-town/src/git/config.go:116.2,116.35 1 1
github.com/Originate/git-town/src/git/config.go:120.37,122.2 1 0
github.com/Originate/git-town/src/git/config.go:126.34,127.41 1 0
github.com/Originate/git-town/src/git/config.go:127.41,129.26 2 0
github.com/Originate/git-town/src/git/config.go:129.26,131.4 1 0
github.com/Originate/git-town/src/git/config.go:133.2,133.68 1 0
github.com/Originate/git-town/src/git/config.go:137.36,139.2 1 0
github.com/Originate/git-town/src/git/config.go:142.40,146.20 4 0
github.com/Originate/git-town/src/git/config.go:146.20,148.3 1 0
github.com/Originate/git-town/src/git/config.go:149.2,149.19 1 0
github.com/Originate/git-town/src/git/config.go:153.46,158.20 5 0
github.com/Originate/git-town/src/git/config.go:158.20,160.3 1 0
github.com/Originate/git-town/src/git/config.go:161.2,161.47 1 0
github.com/Originate/git-town/src/git/config.go:165.51,167.2 1 0
github.com/Originate/git-town/src/git/config.go:170.67,173.2 2 0
github.com/Originate/git-town/src/git/config.go:177.58,179.2 1 0
github.com/Originate/git-town/src/git/config.go:183.34,185.2 1 0
github.com/Originate/git-town/src/git/config.go:189.46,191.2 1 0
github.com/Originate/git-town/src/git/config.go:195.43,197.2 1 1
github.com/Originate/git-town/src/git/config.go:201.48,204.2 2 1
github.com/Originate/git-town/src/git/config.go:207.31,209.2 1 0
github.com/Originate/git-town/src/git/config.go:212.53,214.2 1 1
github.com/Originate/git-town/src/git/config.go:218.72,220.2 1 0
github.com/Originate/git-town/src/git/config.go:224.39,226.2 1 0
github.com/Originate/git-town/src/git/config.go:230.59,232.2 1 1
github.com/Originate/git-town/src/git/config.go:235.49,237.2 1 1
github.com/Originate/git-town/src/git/config.go:240.45,242.2 1 0
github.com/Originate/git-town/src/git/config.go:246.28,248.2 1 0
github.com/Originate/git-town/src/git/config.go:251.32,253.2 1 0
github.com/Originate/git-town/src/git/config.go:257.39,259.2 1 0
github.com/Originate/git-town/src/git/config.go:263.72,265.17 2 1
github.com/Originate/git-town/src/git/config.go:265.17,267.3 1 1
github.com/Originate/git-town/src/git/config.go:268.2,268.14 1 1
github.com/Originate/git-town/src/git/config.go:273.61,274.41 1 1
github.com/Originate/git-town/src/git/config.go:274.41,276.3 1 1
github.com/Originate/git-town/src/git/config.go:277.2,277.8 1 1
github.com/Originate/git-town/src/git/config.go:280.77,282.17 2 0
github.com/Originate/git-town/src/git/config.go:282.17,284.3 1 0
github.com/Originate/git-town/src/git/config.go:285.2,285.14 1 0
github.com/Originate/git-town/src/git/config.go:288.69,292.50 4 1
github.com/Originate/git-town/src/git/config.go:292.50,293.37 1 1
github.com/Originate/git-town/src/git/config.go:293.37,295.4 1 1
github.com/Originate/git-town/src/git/config.go:297.2,297.8 1 1
github.com/Originate/git-town/src/git/config.go:300.55,302.2 1 1
github.com/Originate/git-town/src/git/config.go:304.47,306.2 1 1
github.com/Originate/git-town/src/git/config.go:308.53,310.2 1 0
github.com/Originate/git-town/src/git/config.go:312.43,314.2 1 1
github.com/Originate/git-town/src/git/environment.go:10.23,12.2 1 1
github.com/Originate/git-town/src/git/environment.go:15.31,16.17 1 0
github.com/Originate/git-town/src/git/environment.go:16.17,18.3 1 0
github.com/Originate/git-town/src/git/environment.go:19.2,19.12 1 0
github.com/Originate/git-town/src/git/environment.go:23.35,24.20 1 1
github.com/Originate/git-town/src/git/environment.go:24.20,26.3 1 1
github.com/Originate/git-town/src/git/environment.go:27.2,27.51 1 0
github.com/Originate/git-town/src/git/environment.go:31.26,34.2 2 1
github.com/Originate/git-town/src/git/log.go:6.36,8.2 1 0
github.com/Originate/git-town/src/git/printable.go:11.38,13.18 2 0
github.com/Originate/git-town/src/git/printable.go:13.18,15.3 1 0
github.com/Originate/git-town/src/git/printable.go:16.2,16.15 1 0
github.com/Originate/git-town/src/git/printable.go:20.45,22.18 2 0
github.com/Originate/git-town/src/git/printable.go:22.18,24.3 1 0
github.com/Originate/git-town/src/git/printable.go:25.2,25.15 1 0
github.com/Originate/git-town/src/git/printable.go:29.40,31.2 1 0
github.com/Originate/git-town/src/git/printable.go:34.64,36.59 2 0
github.com/Originate/git-town/src/git/printable.go:36.59,38.3 1 0
github.com/Originate/git-town/src/git/printable.go:39.2,39.8 1 0
github.com/Originate/git-town/src/git/printable.go:43.39,45.2 1 0
github.com/Originate/git-town/src/git/sha.go:9.45,11.2 1 1
github.com/Originate/git-town/src/git/sha.go:14.29,16.2 1 0
github.com/Originate/git-town/src/git/squash_merge.go:14.51,18.18 4 0
github.com/Originate/git-town/src/git/squash_merge.go:18.18,20.3 1 0
github.com/Originate/git-town/src/git/squash_merge.go:21.2,23.14 3 0
github.com/Originate/git-town/src/git/status.go:12.35,14.2 1 0
github.com/Originate/git-town/src/git/status.go:18.51,20.2 1 0
github.com/Originate/git-town/src/git/status.go:24.32,26.2 1 1
github.com/Originate/git-town/src/git/status.go:29.26,31.2 1 0
github.com/Originate/git-town/src/git/status.go:34.28,36.2 1 0
github.com/Originate/git-town/src/git/status.go:40.50,42.2 1 0
github.com/Originate/git-town/src/git/status.go:46.31,49.2 2 0
github.com/Originate/git-town/src/git/status.go:53.32,55.2 1 1
github.com/Originate/git-town/src/git/user.go:6.30,10.2 3 0
github.com/Originate/git-town/src/git/version.go:13.42,15.2 1 1
github.com/Originate/git-town/src/git/version.go:19.43,23.20 4 1
github.com/Originate/git-town/src/git/version.go:23.20,25.3 1 0
github.com/Originate/git-town/src/git/version.go:26.2,30.47 5 1
github.com/Originate/git-town/src/prompt/branch_helpers.go:23.53,24.6 1 0
github.com/Originate/git-town/src/prompt/branch_helpers.go:24.6,27.17 3 0
github.com/Originate/git-town/src/prompt/branch_helpers.go:27.17,29.18 2 0
github.com/Originate/git-town/src/prompt/branch_helpers.go:29.18,31.5 1 0
github.com/Originate/git-town/src/prompt/branch_helpers.go:33.3,33.31 1 0
github.com/Originate/git-town/src/prompt/branch_helpers.go:37.79,41.41 3 0
github.com/Originate/git-town/src/prompt/branch_helpers.go:41.41,43.3 1 0
github.com/Originate/git-town/src/prompt/branch_helpers.go:44.2,44.21 1 0
github.com/Originate/git-town/src/prompt/branch_helpers.go:44.21,46.3 1 0
github.com/Originate/git-town/src/prompt/branch_helpers.go:47.2,47.30 1 0
github.com/Originate/git-town/src/prompt/branch_helpers.go:47.30,49.3 1 0
github.com/Originate/git-town/src/prompt/branch_helpers.go:51.2,51.63 1 0
github.com/Originate/git-town/src/prompt/branch_helpers.go:54.80,57.45 3 0
github.com/Originate/git-town/src/prompt/branch_helpers.go:57.45,59.3 1 0
github.com/Originate/git-town/src/prompt/branch_helpers.go:61.2,61.48 1 0
github.com/Originate/git-town/src/prompt/branch_helpers.go:64.50,66.45 2 0
github.com/Originate/git-town/src/prompt/branch_helpers.go:66.45,68.3 1 0
github.com/Originate/git-town/src/prompt/config.go:13.27,14.31 1 1
github.com/Originate/git-town/src/prompt/config.go:14.31,17.3 2 0
github.com/Originate/git-town/src/prompt/config.go:21.28,27.43 2 0
github.com/Originate/git-town/src/prompt/config.go:27.43,28.24 1 0
github.com/Originate/git-town/src/prompt/config.go:28.24,30.5 1 0
github.com/Originate/git-town/src/prompt/config.go:31.4,31.14 1 0
github.com/Originate/git-town/src/prompt/config.go:34.2,34.34 1 0
github.com/Originate/git-town/src/prompt/config.go:38.35,41.6 3 0
github.com/Originate/git-town/src/prompt/config.go:41.6,46.44 1 0
github.com/Originate/git-town/src/prompt/config.go:46.44,47.42 1 0
github.com/Originate/git-town/src/prompt/config.go:47.42,49.6 1 0
github.com/Originate/git-town/src/prompt/config.go:50.5,50.15 1 0
github.com/Originate/git-town/src/prompt/config.go:53.3,53.31 1 0
github.com/Originate/git-town/src/prompt/config.go:53.31,54.9 1 0
github.com/Originate/git-town/src/prompt/config.go:56.3,56.74 1 0
github.com/Originate/git-town/src/prompt/config.go:58.2,58.48 1 0
github.com/Originate/git-town/src/prompt/config.go:65.44,68.29 3 0
github.com/Originate/git-town/src/prompt/config.go:68.29,71.3 2 0
github.com/Originate/git-town/src/prompt/config.go:72.2,73.8 2 0
github.com/Originate/git-town/src/prompt/config.go:76.51,79.39 3 0
github.com/Originate/git-town/src/prompt/config.go:79.39,82.3 2 0
github.com/Originate/git-town/src/prompt/config.go:83.2,84.8 2 0
github.com/Originate/git-town/src/prompt/config.go:87.33,88.31 1 0
github.com/Originate/git-town/src/prompt/config.go:88.31,94.3 5 0
github.com/Originate/git-town/src/prompt/parent_branches.go:14.54,15.41 1 0
github.com/Originate/git-town/src/prompt/parent_branches.go:15.41,16.119 1 0
github.com/Originate/git-town/src/prompt/parent_branches.go:16.119,17.12 1 0
github.com/Originate/git-town/src/prompt/parent_branches.go:19.3,23.30 4 0
github.com/Originate/git-town/src/prompt/parent_branches.go:23.30,25.4 1 0
github.com/Originate/git-town/src/prompt/parent_branches.go:42.46,44.6 2 0
github.com/Originate/git-town/src/prompt/parent_branches.go:44.6,46.19 2 0
github.com/Originate/git-town/src/prompt/parent_branches.go:46.19,52.45 2 0
github.com/Originate/git-town/src/prompt/parent_branches.go:52.45,54.6 1 0
github.com/Originate/git-town/src/prompt/parent_branches.go:56.4,56.40 1 0
github.com/Originate/git-town/src/prompt/parent_branches.go:58.3,58.69 1 0
github.com/Originate/git-town/src/prompt/parent_branches.go:58.69,59.9 1 0
github.com/Originate/git-town/src/prompt/parent_branches.go:61.3,61.19 1 0
github.com/Originate/git-town/src/prompt/parent_branches.go:65.67,66.26 1 0
github.com/Originate/git-town/src/prompt/parent_branches.go:66.26,68.3 1 0
github.com/Originate/git-town/src/prompt/parent_branches.go:69.2,69.66 1 0
github.com/Originate/git-town/src/prompt/parent_branches.go:69.66,71.3 1 0
github.com/Originate/git-town/src/prompt/parent_branches.go:72.2,72.12 1 0
github.com/Originate/git-town/src/prompt/parent_branches.go:75.32,76.30 1 0
github.com/Originate/git-town/src/prompt/parent_branches.go:76.30,81.3 4 0
github.com/Originate/git-town/src/prompt/parent_branches.go:84.54,87.2 2 0
github.com/Originate/git-town/src/prompt/squash_commit_author.go:19.54,21.23 2 0
github.com/Originate/git-town/src/prompt/squash_commit_author.go:21.23,23.3 1 0
github.com/Originate/git-town/src/prompt/squash_commit_author.go:24.2,27.30 4 0
github.com/Originate/git-town/src/prompt/squash_commit_author.go:43.50,44.6 1 0
github.com/Originate/git-town/src/prompt/squash_commit_author.go:44.6,47.17 3 0
github.com/Originate/git-town/src/prompt/squash_commit_author.go:47.17,49.4 1 0
github.com/Originate/git-town/src/prompt/squash_commit_author.go:50.3,50.31 1 0
github.com/Originate/git-town/src/prompt/squash_commit_author.go:54.66,56.51 2 0
github.com/Originate/git-town/src/prompt/squash_commit_author.go:56.51,60.3 3 0
github.com/Originate/git-town/src/prompt/squash_commit_author.go:61.2,61.8 1 0
github.com/Originate/git-town/src/prompt/squash_commit_author.go:64.76,68.41 3 0
github.com/Originate/git-town/src/prompt/squash_commit_author.go:68.41,70.3 1 0
github.com/Originate/git-town/src/prompt/squash_commit_author.go:71.2,71.21 1 0
github.com/Originate/git-town/src/prompt/squash_commit_author.go:71.21,73.3 1 0
github.com/Originate/git-town/src/prompt/squash_commit_author.go:74.2,74.23 1 0
github.com/Originate/git-town/src/prompt/squash_commit_author.go:77.82,80.41 3 0
github.com/Originate/git-town/src/prompt/squash_commit_author.go:80.41,82.3 1 0
github.com/Originate/git-town/src/prompt/squash_commit_author.go:83.2,83.48 1 0
github.com/Originate/git-town/src/prompt/squash_commit_author.go:86.51,88.37 2 0
github.com/Originate/git-town/src/prompt/squash_commit_author.go:88.37,91.3 2 0
github.com/Originate/git-town/src/script/fetch.go:7.14,10.2 2 1
github.com/Originate/git-town/src/script/script.go:26.23,30.2 3 0
github.com/Originate/git-town/src/script/script.go:33.30,37.2 3 0
github.com/Originate/git-town/src/script/script.go:40.34,42.31 2 1
github.com/Originate/git-town/src/script/script.go:42.31,43.34 1 1
github.com/Originate/git-town/src/script/script.go:43.34,45.4 1 1
github.com/Originate/git-town/src/script/script.go:46.3,46.17 1 1
github.com/Originate/git-town/src/script/script.go:46.17,48.4 1 1
github.com/Originate/git-town/src/script/script.go:49.3,49.25 1 1
github.com/Originate/git-town/src/script/script.go:51.2,51.60 1 1
github.com/Originate/git-town/src/script/script.go:51.60,53.3 1 1
github.com/Originate/git-town/src/script/script.go:54.2,56.14 3 1
github.com/Originate/git-town/src/script/script.go:60.38,62.23 2 1
github.com/Originate/git-town/src/script/script.go:62.23,63.63 1 0
github.com/Originate/git-town/src/script/script.go:63.63,65.4 1 0
github.com/Originate/git-town/src/script/script.go:66.3,66.13 1 0
github.com/Originate/git-town/src/script/script.go:70.2,70.31 1 1
github.com/Originate/git-town/src/script/script.go:70.31,72.3 1 0
github.com/Originate/git-town/src/script/script.go:73.2,77.25 5 1
github.com/Originate/git-town/src/script/script.go:81.36,84.2 2 1
github.com/Originate/git-town/src/script/squash_merge.go:6.37,9.2 2 0
github.com/Originate/git-town/src/steps/abort_merge_branch_step.go:11.47,13.2 1 0
github.com/Originate/git-town/src/steps/abort_rebase_branch_step.go:14.48,16.2 1 0
github.com/Originate/git-town/src/steps/add_to_perennial_branch.go:12.68,14.2 1 1
github.com/Originate/git-town/src/steps/add_to_perennial_branch.go:17.49,20.2 2 1
github.com/Originate/git-town/src/steps/change_directory_step.go:17.65,21.2 3 0
github.com/Originate/git-town/src/steps/change_directory_step.go:24.46,26.16 2 0
github.com/Originate/git-town/src/steps/change_directory_step.go:26.16,29.3 2 0
github.com/Originate/git-town/src/steps/change_directory_step.go:30.2,30.12 1 0
github.com/Originate/git-town/src/steps/checkout_branch_step.go:15.64,17.2 1 1
github.com/Originate/git-town/src/steps/checkout_branch_step.go:20.45,21.51 1 1
github.com/Originate/git-town/src/steps/checkout_branch_step.go:21.51,23.3 1 1
github.com/Originate/git-town/src/steps/checkout_branch_step.go:24.2,24.12 1 0
github.com/Originate/git-town/src/steps/commit_open_changes_step.go:17.67,20.2 2 0
github.com/Originate/git-town/src/steps/commit_open_changes_step.go:23.48,25.16 2 0
github.com/Originate/git-town/src/steps/commit_open_changes_step.go:25.16,27.3 1 0
github.com/Originate/git-town/src/steps/commit_open_changes_step.go:28.2,28.103 1 0
github.com/Originate/git-town/src/steps/continue_merge_branch_step.go:15.61,17.2 1 0
github.com/Originate/git-town/src/steps/continue_merge_branch_step.go:20.64,22.2 1 0
github.com/Originate/git-town/src/steps/continue_merge_branch_step.go:25.50,26.29 1 0
github.com/Originate/git-town/src/steps/continue_merge_branch_step.go:26.29,28.3 1 0
github.com/Originate/git-town/src/steps/continue_merge_branch_step.go:29.2,29.12 1 0
github.com/Originate/git-town/src/steps/continue_rebase_branch_step.go:15.62,17.2 1 0
github.com/Originate/git-town/src/steps/continue_rebase_branch_step.go:20.65,22.2 1 0
github.com/Originate/git-town/src/steps/continue_rebase_branch_step.go:25.51,26.30 1 0
github.com/Originate/git-town/src/steps/continue_rebase_branch_step.go:26.30,28.3 1 0
github.com/Originate/git-town/src/steps/continue_rebase_branch_step.go:29.2,29.12 1 0
github.com/Originate/git-town/src/steps/create_and_checkout_branch_step.go:16.54,19.2 2 0
github.com/Originate/git-town/src/steps/create_branch_step.go:14.62,16.2 1 1
github.com/Originate/git-town/src/steps/create_branch_step.go:19.43,21.2 1 1
github.com/Originate/git-town/src/steps/create_pull_request_step.go:16.48,21.2 4 0
github.com/Originate/git-town/src/steps/create_remote_branch_step.go:15.49,17.2 1 0
github.com/Originate/git-town/src/steps/create_tracking_branch_step.go:15.70,17.2 1 1
github.com/Originate/git-town/src/steps/create_tracking_branch_step.go:20.51,22.2 1 1
github.com/Originate/git-town/src/steps/delete_ancestor_branches_step.go:13.53,16.2 2 1
github.com/Originate/git-town/src/steps/delete_local_branch_step.go:17.67,20.2 2 1
github.com/Originate/git-town/src/steps/delete_local_branch_step.go:23.48,25.70 2 1
github.com/Originate/git-town/src/steps/delete_local_branch_step.go:25.70,27.3 1 1
github.com/Originate/git-town/src/steps/delete_local_branch_step.go:28.2,28.64 1 1
github.com/Originate/git-town/src/steps/delete_parent_branch_step.go:12.68,14.18 2 1
github.com/Originate/git-town/src/steps/delete_parent_branch_step.go:14.18,16.3 1 0
github.com/Originate/git-town/src/steps/delete_parent_branch_step.go:17.2,17.84 1 1
github.com/Originate/git-town/src/steps/delete_parent_branch_step.go:21.49,24.2 2 1
github.com/Originate/git-town/src/steps/delete_remote_branch_step.go:16.68,17.21 1 1
github.com/Originate/git-town/src/steps/delete_remote_branch_step.go:17.21,19.3 1 1
github.com/Originate/git-town/src/steps/delete_remote_branch_step.go:20.2,21.71 2 1
github.com/Originate/git-town/src/steps/delete_remote_branch_step.go:25.49,27.2 1 1
github.com/Originate/git-town/src/steps/discard_open_changes_step.go:13.49,15.2 1 0
github.com/Originate/git-town/src/steps/driver_merge_pull_request_step.go:22.64,23.36 1 0
github.com/Originate/git-town/src/steps/driver_merge_pull_request_step.go:23.36,25.3 1 0
github.com/Originate/git-town/src/steps/driver_merge_pull_request_step.go:26.2,26.12 1 0
github.com/Originate/git-town/src/steps/driver_merge_pull_request_step.go:30.71,32.2 1 0
github.com/Originate/git-town/src/steps/driver_merge_pull_request_step.go:36.80,37.36 1 0
github.com/Originate/git-town/src/steps/driver_merge_pull_request_step.go:37.36,39.3 1 0
github.com/Originate/git-town/src/steps/driver_merge_pull_request_step.go:40.2,40.32 1 0
github.com/Originate/git-town/src/steps/driver_merge_pull_request_step.go:44.53,46.25 2 0
github.com/Originate/git-town/src/steps/driver_merge_pull_request_step.go:46.25,53.17 5 0
github.com/Originate/git-town/src/steps/driver_merge_pull_request_step.go:53.17,55.4 1 0
github.com/Originate/git-town/src/steps/driver_merge_pull_request_step.go:56.3,59.41 4 0
github.com/Originate/git-town/src/steps/driver_merge_pull_request_step.go:61.2,68.24 3 0
github.com/Originate/git-town/src/steps/driver_merge_pull_request_step.go:73.80,75.2 1 0
github.com/Originate/git-town/src/steps/ensure_has_shippable_changes_step.go:18.83,20.2 1 0
github.com/Originate/git-town/src/steps/ensure_has_shippable_changes_step.go:23.56,24.47 1 0
github.com/Originate/git-town/src/steps/ensure_has_shippable_changes_step.go:24.47,26.3 1 0
github.com/Originate/git-town/src/steps/ensure_has_shippable_changes_step.go:27.2,27.12 1 0
github.com/Originate/git-town/src/steps/ensure_has_shippable_changes_step.go:32.83,34.2 1 0
github.com/Originate/git-town/src/steps/fetch_upstream_step.go:14.44,16.2 1 0
github.com/Originate/git-town/src/steps/load_state.go:14.41,17.2 2 1
github.com/Originate/git-town/src/steps/load_state.go:19.38,20.28 1 1
github.com/Originate/git-town/src/steps/load_state.go:20.28,22.3 1 0
github.com/Originate/git-town/src/steps/load_state.go:25.41,27.28 2 1
github.com/Originate/git-town/src/steps/load_state.go:27.28,32.3 4 1
github.com/Originate/git-town/src/steps/load_state.go:32.3,34.3 1 0
github.com/Originate/git-town/src/steps/load_state.go:35.2,40.3 1 1
github.com/Originate/git-town/src/steps/load_state.go:44.58,45.29 1 1
github.com/Originate/git-town/src/steps/load_state.go:46.31,47.33 1 0
github.com/Originate/git-town/src/steps/load_state.go:48.32,49.34 1 0
github.com/Originate/git-town/src/steps/load_state.go:50.33,53.15 3 1
github.com/Originate/git-town/src/steps/load_state.go:54.30,57.15 3 0
github.com/Originate/git-town/src/steps/load_state.go:58.29,61.15 3 1
github.com/Originate/git-town/src/steps/load_state.go:62.34,63.36 1 0
github.com/Originate/git-town/src/steps/load_state.go:64.35,65.37 1 0
github.com/Originate/git-town/src/steps/load_state.go:66.27,69.15 3 1
github.com/Originate/git-town/src/steps/load_state.go:70.38,73.15 3 0
github.com/Originate/git-town/src/steps/load_state.go:74.32,77.15 3 0
github.com/Originate/git-town/src/steps/load_state.go:78.33,81.15 3 0
github.com/Originate/git-town/src/steps/load_state.go:82.35,85.15 3 1
github.com/Originate/git-town/src/steps/load_state.go:86.37,87.39 1 0
github.com/Originate/git-town/src/steps/load_state.go:88.32,91.15 3 1
github.com/Originate/git-town/src/steps/load_state.go:92.33,95.15 3 1
github.com/Originate/git-town/src/steps/load_state.go:96.33,99.15 3 1
github.com/Originate/git-town/src/steps/load_state.go:100.40,103.15 3 0
github.com/Originate/git-town/src/steps/load_state.go:104.26,107.15 3 0
github.com/Originate/git-town/src/steps/load_state.go:108.34,109.36 1 0
github.com/Originate/git-town/src/steps/load_state.go:110.19,111.21 1 1
github.com/Originate/git-town/src/steps/load_state.go:112.38,115.15 3 0
github.com/Originate/git-town/src/steps/load_state.go:116.44,117.46 1 0
github.com/Originate/git-town/src/steps/load_state.go:118.25,121.15 3 0
github.com/Originate/git-town/src/steps/load_state.go:122.23,123.25 1 0
github.com/Originate/git-town/src/steps/load_state.go:124.27,127.15 3 0
github.com/Originate/git-town/src/steps/load_state.go:128.35,129.37 1 0
github.com/Originate/git-town/src/steps/load_state.go:130.38,133.15 3 1
github.com/Originate/git-town/src/steps/load_state.go:134.25,137.15 3 0
github.com/Originate/git-town/src/steps/load_state.go:138.33,139.35 1 0
github.com/Originate/git-town/src/steps/load_state.go:140.27,143.15 3 0
github.com/Originate/git-town/src/steps/load_state.go:144.30,147.15 3 1
github.com/Originate/git-town/src/steps/load_state.go:148.32,151.15 3 0
github.com/Originate/git-town/src/steps/load_state.go:152.33,153.35 1 0
github.com/Originate/git-town/src/steps/load_state.go:154.31,155.33 1 0
github.com/Originate/git-town/src/steps/load_state.go:157.2,158.12 2 0
github.com/Originate/git-town/src/steps/load_state.go:161.80,162.49 1 1
github.com/Originate/git-town/src/steps/load_state.go:162.49,164.3 1 1
github.com/Originate/git-town/src/steps/load_state.go:165.2,165.17 1 1
github.com/Originate/git-town/src/steps/merge_branch_step.go:15.53,17.2 1 0
github.com/Originate/git-town/src/steps/merge_branch_step.go:20.56,22.2 1 0
github.com/Originate/git-town/src/steps/merge_branch_step.go:25.61,27.2 1 0
github.com/Originate/git-town/src/steps/merge_branch_step.go:30.42,32.2 1 0
github.com/Originate/git-town/src/steps/merge_tracking_branch_step.go:14.61,16.2 1 0
github.com/Originate/git-town/src/steps/merge_tracking_branch_step.go:19.64,21.2 1 0
github.com/Originate/git-town/src/steps/merge_tracking_branch_step.go:24.69,26.2 1 0
github.com/Originate/git-town/src/steps/merge_tracking_branch_step.go:29.50,31.39 2 0
github.com/Originate/git-town/src/steps/merge_tracking_branch_step.go:31.39,33.3 1 0
github.com/Originate/git-town/src/steps/merge_tracking_branch_step.go:34.2,34.12 1 0
github.com/Originate/git-town/src/steps/no_op_step.go:8.46,10.2 1 0
github.com/Originate/git-town/src/steps/no_op_step.go:13.49,15.2 1 0
github.com/Originate/git-town/src/steps/no_op_step.go:18.54,20.2 1 1
github.com/Originate/git-town/src/steps/no_op_step.go:23.53,25.2 1 1
github.com/Originate/git-town/src/steps/no_op_step.go:29.62,31.2 1 0
github.com/Originate/git-town/src/steps/no_op_step.go:34.35,36.2 1 1
github.com/Originate/git-town/src/steps/no_op_step.go:40.62,42.2 1 0
github.com/Originate/git-town/src/steps/preserve_checkout_history_step.go:16.54,18.79 2 1
github.com/Originate/git-town/src/steps/preserve_checkout_history_step.go:18.79,22.3 3 1
github.com/Originate/git-town/src/steps/preserve_checkout_history_step.go:23.2,23.12 1 1
github.com/Originate/git-town/src/steps/pull_branch_step.go:12.41,14.2 1 0
github.com/Originate/git-town/src/steps/push_branch_step.go:19.60,20.19 1 0
github.com/Originate/git-town/src/steps/push_branch_step.go:20.19,22.3 1 0
github.com/Originate/git-town/src/steps/push_branch_step.go:23.2,23.34 1 0
github.com/Originate/git-town/src/steps/push_branch_step.go:27.41,28.70 1 0
github.com/Originate/git-town/src/steps/push_branch_step.go:28.70,30.3 1 0
github.com/Originate/git-town/src/steps/push_branch_step.go:31.2,31.16 1 0
github.com/Originate/git-town/src/steps/push_branch_step.go:31.16,33.3 1 0
github.com/Originate/git-town/src/steps/push_branch_step.go:34.2,34.51 1 0
github.com/Originate/git-town/src/steps/push_branch_step.go:34.51,36.3 1 0
github.com/Originate/git-town/src/steps/push_branch_step.go:37.2,37.68 1 0
github.com/Originate/git-town/src/steps/push_tags_step.go:13.39,15.2 1 0
github.com/Originate/git-town/src/steps/rebase_branch_step.go:16.54,18.2 1 0
github.com/Originate/git-town/src/steps/rebase_branch_step.go:21.57,23.2 1 0
github.com/Originate/git-town/src/steps/rebase_branch_step.go:26.62,28.2 1 0
github.com/Originate/git-town/src/steps/rebase_branch_step.go:31.43,33.2 1 0
github.com/Originate/git-town/src/steps/rebase_tracking_branch_step.go:13.62,15.2 1 0
github.com/Originate/git-town/src/steps/rebase_tracking_branch_step.go:18.65,20.2 1 0
github.com/Originate/git-town/src/steps/rebase_tracking_branch_step.go:23.70,25.2 1 0
github.com/Originate/git-town/src/steps/rebase_tracking_branch_step.go:28.51,30.39 2 0
github.com/Originate/git-town/src/steps/rebase_tracking_branch_step.go:30.39,32.3 1 0
github.com/Originate/git-town/src/steps/rebase_tracking_branch_step.go:33.2,33.12 1 0
github.com/Originate/git-town/src/steps/remove_from_perennial_branch.go:12.73,14.2 1 1
github.com/Originate/git-town/src/steps/remove_from_perennial_branch.go:17.54,20.2 2 1
github.com/Originate/git-town/src/steps/reset_to_sha_step.go:17.41,18.37 1 0
github.com/Originate/git-town/src/steps/reset_to_sha_step.go:18.37,20.3 1 0
github.com/Originate/git-town/src/steps/reset_to_sha_step.go:21.2,22.15 2 0
github.com/Originate/git-town/src/steps/reset_to_sha_step.go:22.15,24.3 1 0
github.com/Originate/git-town/src/steps/reset_to_sha_step.go:25.2,26.34 2 0
github.com/Originate/git-town/src/steps/restore_open_changes_step.go:13.68,15.2 1 0
github.com/Originate/git-town/src/steps/restore_open_changes_step.go:18.49,20.2 1 0
github.com/Originate/git-town/src/steps/revert_commit_step.go:12.43,14.2 1 0
github.com/Originate/git-town/src/steps/run.go:27.30,28.21 1 1
github.com/Originate/git-town/src/steps/run.go:28.21,32.3 3 0
github.com/Originate/git-town/src/steps/run.go:32.3,32.31 1 1
github.com/Originate/git-town/src/steps/run.go:32.31,34.37 2 0
github.com/Originate/git-town/src/steps/run.go:34.37,36.4 1 0
github.com/Originate/git-town/src/steps/run.go:37.3,38.31 2 0
github.com/Originate/git-town/src/steps/run.go:39.3,39.27 1 1
github.com/Originate/git-town/src/steps/run.go:39.27,43.3 3 0
github.com/Originate/git-town/src/steps/run.go:43.3,43.27 1 1
github.com/Originate/git-town/src/steps/run.go:43.27,46.41 3 1
github.com/Originate/git-town/src/steps/run.go:46.41,48.4 1 0
github.com/Originate/git-town/src/steps/run.go:48.4,50.4 1 1
github.com/Originate/git-town/src/steps/run.go:51.3,57.3 2 1
github.com/Originate/git-town/src/steps/run.go:62.55,63.6 1 1
github.com/Originate/git-town/src/steps/run.go:63.6,65.18 2 1
github.com/Originate/git-town/src/steps/run.go:65.18,66.45 1 1
github.com/Originate/git-town/src/steps/run.go:66.45,69.5 2 1
github.com/Originate/git-town/src/steps/run.go:70.4,71.10 2 1
github.com/Originate/git-town/src/steps/run.go:73.3,73.53 1 1
github.com/Originate/git-town/src/steps/run.go:73.53,75.12 2 0
github.com/Originate/git-town/src/steps/run.go:77.3,77.64 1 1
github.com/Originate/git-town/src/steps/run.go:77.64,79.12 2 0
github.com/Originate/git-town/src/steps/run.go:81.3,83.17 3 1
github.com/Originate/git-town/src/steps/run.go:83.17,85.46 2 0
github.com/Originate/git-town/src/steps/run.go:85.46,89.5 3 0
github.com/Originate/git-town/src/steps/run.go:89.5,93.26 4 0
github.com/Originate/git-town/src/steps/run.go:93.26,95.6 1 0
github.com/Originate/git-town/src/steps/run.go:96.5,96.52 1 0
github.com/Originate/git-town/src/steps/run.go:99.3,101.50 3 1
github.com/Originate/git-town/src/steps/run.go:105.59,112.23 7 0
github.com/Originate/git-town/src/steps/run.go:112.23,115.3 2 0
github.com/Originate/git-town/src/steps/run.go:116.2,117.12 2 0
github.com/Originate/git-town/src/steps/run_state.go:19.70,21.6 2 0
github.com/Originate/git-town/src/steps/run_state.go:21.6,23.34 2 0
github.com/Originate/git-town/src/steps/run_state.go:23.34,25.4 1 0
github.com/Originate/git-town/src/steps/run_state.go:25.4,28.9 3 0
github.com/Originate/git-town/src/steps/run_state.go:36.67,42.2 5 0
github.com/Originate/git-town/src/steps/run_state.go:46.66,49.50 3 0
github.com/Originate/git-town/src/steps/run_state.go:49.50,50.33 1 0
github.com/Originate/git-town/src/steps/run_state.go:50.33,51.9 1 0
github.com/Originate/git-town/src/steps/run_state.go:53.3,53.34 1 0
github.com/Originate/git-town/src/steps/run_state.go:55.2,56.49 2 0
github.com/Originate/git-town/src/steps/run_state.go:56.49,57.33 1 0
github.com/Originate/git-town/src/steps/run_state.go:57.33,59.4 1 0
github.com/Originate/git-town/src/steps/run_state.go:60.3,60.16 1 0
github.com/Originate/git-town/src/steps/run_state.go:60.16,62.4 1 0
github.com/Originate/git-town/src/steps/run_state.go:64.2,64.8 1 0
github.com/Originate/git-town/src/steps/run_state.go:70.66,75.2 4 1
github.com/Originate/git-town/src/steps/run_state.go:79.52,80.6 1 0
github.com/Originate/git-town/src/steps/run_state.go:80.6,82.34 2 0
github.com/Originate/git-town/src/steps/run_state.go:82.34,84.4 1 0
github.com/Originate/git-town/src/steps/run_state.go:84.4,85.9 1 0
github.com/Originate/git-town/src/steps/run_state.go:90.43,92.2 1 0
github.com/Originate/git-town/src/steps/save_state.go:11.36,22.2 6 1
github.com/Originate/git-town/src/steps/save_state.go:24.46,31.2 3 1
github.com/Originate/git-town/src/steps/save_state.go:33.61,34.29 1 1
github.com/Originate/git-town/src/steps/save_state.go:34.29,36.3 1 1
github.com/Originate/git-town/src/steps/save_state.go:37.2,37.8 1 1
github.com/Originate/git-town/src/steps/save_state.go:40.44,42.29 2 1
github.com/Originate/git-town/src/steps/save_state.go:42.29,44.3 1 1
github.com/Originate/git-town/src/steps/save_state.go:45.2,45.17 1 0
github.com/Originate/git-town/src/steps/set_parent_branch_step.go:14.65,16.21 2 1
github.com/Originate/git-town/src/steps/set_parent_branch_step.go:16.21,18.3 1 1
github.com/Originate/git-town/src/steps/set_parent_branch_step.go:19.2,19.87 1 1
github.com/Originate/git-town/src/steps/set_parent_branch_step.go:23.46,26.2 2 1
github.com/Originate/git-town/src/steps/squash_merge_branch_step.go:17.59,19.2 1 0
github.com/Originate/git-town/src/steps/squash_merge_branch_step.go:22.66,24.2 1 0
github.com/Originate/git-town/src/steps/squash_merge_branch_step.go:28.75,30.2 1 0
github.com/Originate/git-town/src/steps/squash_merge_branch_step.go:33.48,36.30 3 0
github.com/Originate/git-town/src/steps/squash_merge_branch_step.go:36.30,38.3 1 0
github.com/Originate/git-town/src/steps/squash_merge_branch_step.go:39.2,40.36 2 0
github.com/Originate/git-town/src/steps/squash_merge_branch_step.go:40.36,42.3 1 0
github.com/Originate/git-town/src/steps/squash_merge_branch_step.go:43.2,44.40 2 0
github.com/Originate/git-town/src/steps/squash_merge_branch_step.go:49.75,51.2 1 0
github.com/Originate/git-town/src/steps/stash_open_changes_step.go:13.66,15.2 1 0
github.com/Originate/git-town/src/steps/stash_open_changes_step.go:18.47,20.16 2 0
github.com/Originate/git-town/src/steps/stash_open_changes_step.go:20.16,22.3 1 0
github.com/Originate/git-town/src/steps/stash_open_changes_step.go:23.2,23.42 1 0
github.com/Originate/git-town/src/steps/step.go:37.50,42.2 4 1
github.com/Originate/git-town/src/steps/step_list.go:17.45,19.2 1 1
github.com/Originate/git-town/src/steps/step_list.go:22.58,24.2 1 1
github.com/Originate/git-town/src/steps/step_list.go:27.42,29.2 1 1
github.com/Originate/git-town/src/steps/step_list.go:32.48,33.24 1 0
github.com/Originate/git-town/src/steps/step_list.go:33.24,35.3 1 0
github.com/Originate/git-town/src/steps/step_list.go:36.2,36.25 1 0
github.com/Originate/git-town/src/steps/step_list.go:40.47,41.24 1 1
github.com/Originate/git-town/src/steps/step_list.go:41.24,43.3 1 1
github.com/Originate/git-town/src/steps/step_list.go:44.2,46.8 3 1
github.com/Originate/git-town/src/steps/step_list.go:50.46,52.2 1 1
github.com/Originate/git-town/src/steps/step_list.go:55.59,57.2 1 0
github.com/Originate/git-town/src/steps/step_list.go:67.53,73.54 2 1
github.com/Originate/git-town/src/steps/step_list.go:73.54,76.3 2 0
github.com/Originate/git-town/src/steps/step_list.go:78.2,82.66 4 1
github.com/Originate/git-town/src/steps/step_list.go:82.66,85.3 2 0
github.com/Originate/git-town/src/steps/sync_steps.go:10.62,14.36 3 0
github.com/Originate/git-town/src/steps/sync_steps.go:14.36,16.3 1 0
github.com/Originate/git-town/src/steps/sync_steps.go:18.2,19.15 2 0
github.com/Originate/git-town/src/steps/sync_steps.go:19.15,22.3 2 0
github.com/Originate/git-town/src/steps/sync_steps.go:22.3,23.46 1 0
github.com/Originate/git-town/src/steps/sync_steps.go:23.46,25.4 1 0
github.com/Originate/git-town/src/steps/sync_steps.go:25.4,27.4 1 0
github.com/Originate/git-town/src/steps/sync_steps.go:29.3,30.64 2 0
github.com/Originate/git-town/src/steps/sync_steps.go:30.64,33.4 2 0
github.com/Originate/git-town/src/steps/sync_steps.go:36.2,36.41 1 0
github.com/Originate/git-town/src/steps/sync_steps.go:36.41,37.40 1 0
github.com/Originate/git-town/src/steps/sync_steps.go:37.40,39.4 1 0
github.com/Originate/git-town/src/steps/sync_steps.go:39.4,41.4 1 0
github.com/Originate/git-town/src/steps/sync_steps.go:44.2,44.8 1 0
github.com/Originate/git-town/src/util/ensure.go:5.43,6.16 1 1
github.com/Originate/git-town/src/util/ensure.go:6.16,8.3 1 0
github.com/Originate/git-town/src/util/error_collector.go:4.51,5.39 1 1
github.com/Originate/git-town/src/util/error_collector.go:5.39,7.17 2 1
github.com/Originate/git-town/src/util/error_collector.go:7.17,9.4 1 0
github.com/Originate/git-town/src/util/error_collector.go:11.2,11.12 1 1
github.com/Originate/git-town/src/util/file.go:9.42,11.16 2 1
github.com/Originate/git-town/src/util/file.go:11.16,12.25 1 1
github.com/Originate/git-town/src/util/file.go:12.25,14.4 1 1
github.com/Originate/git-town/src/util/file.go:15.3,15.60 1 0
github.com/Originate/git-town/src/util/file.go:17.2,17.13 1 1
github.com/Originate/git-town/src/util/string.go:10.36,14.2 3 1
github.com/Originate/git-town/src/util/util.go:18.63,20.2 1 1
github.com/Originate/git-town/src/util/util.go:24.67,27.2 2 1
github.com/Originate/git-town/src/util/util.go:31.63,32.31 1 1
github.com/Originate/git-town/src/util/util.go:32.31,33.23 1 1
github.com/Originate/git-town/src/util/util.go:33.23,35.4 1 1
github.com/Originate/git-town/src/util/util.go:37.2,37.14 1 1
github.com/Originate/git-town/src/util/util.go:41.47,44.2 2 0
github.com/Originate/git-town/src/util/util.go:47.45,51.2 3 1
github.com/Originate/git-town/src/util/util.go:54.58,58.2 3 1
github.com/Originate/git-town/src/util/util.go:79.37,80.31 1 0
github.com/Originate/git-town/src/util/util.go:80.31,85.3 1 0
github.com/Originate/git-town/src/util/util.go:86.2,86.46 1 0
github.com/Originate/git-town/src/util/util.go:86.46,88.33 2 0
github.com/Originate/git-town/src/util/util.go:88.33,90.4 1 0
github.com/Originate/git-town/src/util/util.go:92.2,93.11 2 0
github.com/Originate/git-town/src/util/util.go:99.28,103.2 3 0
github.com/Originate/git-town/src/util/util.go:107.47,110.2 2 0
github.com/Originate/git-town/src/util/util.go:114.43,116.18 2 0
github.com/Originate/git-town/src/util/util.go:116.18,118.3 1 0
github.com/Originate/git-town/src/util/util.go:119.2,119.15 1 0
github.com/Originate/git-town/src/util/util.go:123.37,129.35 6 0
github.com/Originate/git-town/src/util/util.go:129.35,132.3 2 0
github.com/Originate/git-town/src/util/util.go:133.2,133.15 1 0
github.com/Originate/git-town/src/util/util.go:139.46,145.2 5 0
github.com/Originate/git-town/src/util/util.go:149.75,150.31 1 1
github.com/Originate/git-town/src/util/util.go:150.31,151.23 1 1
github.com/Originate/git-town/src/util/util.go:151.23,153.4 1 1
github.com/Originate/git-town/src/util/util.go:155.2,155.8 1 1
