mode: set
github.com/ktrysmt/go-bitbucket/bitbucket.go:170.82,173.2 2 0
github.com/ktrysmt/go-bitbucket/bitbucket.go:192.90,195.2 2 0
github.com/ktrysmt/go-bitbucket/bitbucket.go:231.100,234.2 2 0
github.com/ktrysmt/go-bitbucket/bitbucket.go:324.86,327.2 2 0
github.com/ktrysmt/go-bitbucket/bitbucket.go:339.99,342.2 2 0
github.com/ktrysmt/go-bitbucket/bitbucket.go:363.74,366.2 2 0
github.com/ktrysmt/go-bitbucket/bitbucket.go:400.76,403.2 2 0
github.com/ktrysmt/go-bitbucket/bitbucket.go:427.97,430.2 2 0
github.com/ktrysmt/go-bitbucket/bitbucket.go:474.78,477.2 2 0
github.com/ktrysmt/go-bitbucket/bitbucket.go:511.116,514.2 2 0
github.com/ktrysmt/go-bitbucket/bitbucket.go:549.80,552.2 2 0
github.com/ktrysmt/go-bitbucket/bitbucket.go:598.58,600.2 1 1
github.com/ktrysmt/go-bitbucket/bitbucket.go:612.105,615.2 2 0
github.com/ktrysmt/go-bitbucket/bitbucket.go:645.120,648.2 2 0
github.com/ktrysmt/go-bitbucket/bitbucket.go:666.80,669.2 2 0
github.com/ktrysmt/go-bitbucket/branchrestrictions.go:18.87,21.2 2 1
github.com/ktrysmt/go-bitbucket/branchrestrictions.go:23.97,25.16 2 1
github.com/ktrysmt/go-bitbucket/branchrestrictions.go:25.16,27.3 1 0
github.com/ktrysmt/go-bitbucket/branchrestrictions.go:28.2,30.16 3 1
github.com/ktrysmt/go-bitbucket/branchrestrictions.go:30.16,32.3 1 0
github.com/ktrysmt/go-bitbucket/branchrestrictions.go:34.2,34.42 1 1
github.com/ktrysmt/go-bitbucket/branchrestrictions.go:37.94,40.16 3 1
github.com/ktrysmt/go-bitbucket/branchrestrictions.go:40.16,42.3 1 0
github.com/ktrysmt/go-bitbucket/branchrestrictions.go:44.2,44.42 1 1
github.com/ktrysmt/go-bitbucket/branchrestrictions.go:47.89,49.16 2 1
github.com/ktrysmt/go-bitbucket/branchrestrictions.go:49.16,51.3 1 0
github.com/ktrysmt/go-bitbucket/branchrestrictions.go:52.2,54.16 3 1
github.com/ktrysmt/go-bitbucket/branchrestrictions.go:54.16,56.3 1 0
github.com/ktrysmt/go-bitbucket/branchrestrictions.go:58.2,58.42 1 1
github.com/ktrysmt/go-bitbucket/branchrestrictions.go:61.89,64.2 2 1
github.com/ktrysmt/go-bitbucket/branchrestrictions.go:122.105,125.29 3 1
github.com/ktrysmt/go-bitbucket/branchrestrictions.go:125.29,130.3 2 1
github.com/ktrysmt/go-bitbucket/branchrestrictions.go:131.2,131.30 1 1
github.com/ktrysmt/go-bitbucket/branchrestrictions.go:131.30,136.3 2 1
github.com/ktrysmt/go-bitbucket/branchrestrictions.go:138.2,147.16 3 1
github.com/ktrysmt/go-bitbucket/branchrestrictions.go:147.16,149.3 1 0
github.com/ktrysmt/go-bitbucket/branchrestrictions.go:151.2,151.26 1 1
github.com/ktrysmt/go-bitbucket/branchrestrictions.go:154.87,157.34 2 1
github.com/ktrysmt/go-bitbucket/branchrestrictions.go:157.34,159.3 1 1
github.com/ktrysmt/go-bitbucket/branchrestrictions.go:161.2,163.16 3 1
github.com/ktrysmt/go-bitbucket/branchrestrictions.go:163.16,165.3 1 0
github.com/ktrysmt/go-bitbucket/branchrestrictions.go:166.2,166.31 1 1
github.com/ktrysmt/go-bitbucket/client.go:29.40,31.14 2 1
github.com/ktrysmt/go-bitbucket/client.go:31.14,33.3 1 1
github.com/ktrysmt/go-bitbucket/client.go:35.2,35.22 1 1
github.com/ktrysmt/go-bitbucket/client.go:38.58,42.16 2 1
github.com/ktrysmt/go-bitbucket/client.go:42.16,45.3 1 0
github.com/ktrysmt/go-bitbucket/client.go:47.2,47.65 1 1
github.com/ktrysmt/go-bitbucket/client.go:47.65,49.3 1 1
github.com/ktrysmt/go-bitbucket/client.go:51.2,58.51 3 1
github.com/ktrysmt/go-bitbucket/client.go:101.62,111.16 5 0
github.com/ktrysmt/go-bitbucket/client.go:111.16,113.3 1 0
github.com/ktrysmt/go-bitbucket/client.go:114.2,115.24 2 0
github.com/ktrysmt/go-bitbucket/client.go:125.45,145.43 8 0
github.com/ktrysmt/go-bitbucket/client.go:145.43,147.3 1 0
github.com/ktrysmt/go-bitbucket/client.go:148.2,149.16 2 0
github.com/ktrysmt/go-bitbucket/client.go:149.16,151.3 1 0
github.com/ktrysmt/go-bitbucket/client.go:152.2,153.24 2 0
github.com/ktrysmt/go-bitbucket/client.go:158.64,168.16 5 0
github.com/ktrysmt/go-bitbucket/client.go:168.16,170.3 1 0
github.com/ktrysmt/go-bitbucket/client.go:171.2,173.16 3 0
github.com/ktrysmt/go-bitbucket/client.go:173.16,175.3 1 0
github.com/ktrysmt/go-bitbucket/client.go:176.2,176.37 1 0
github.com/ktrysmt/go-bitbucket/client.go:181.73,194.16 6 0
github.com/ktrysmt/go-bitbucket/client.go:194.16,196.3 1 0
github.com/ktrysmt/go-bitbucket/client.go:197.2,199.16 3 0
github.com/ktrysmt/go-bitbucket/client.go:199.16,201.3 1 0
github.com/ktrysmt/go-bitbucket/client.go:202.2,202.37 1 0
github.com/ktrysmt/go-bitbucket/client.go:205.53,208.2 2 1
github.com/ktrysmt/go-bitbucket/client.go:210.70,212.16 2 1
github.com/ktrysmt/go-bitbucket/client.go:212.16,214.3 1 1
github.com/ktrysmt/go-bitbucket/client.go:215.2,216.24 2 1
github.com/ktrysmt/go-bitbucket/client.go:219.73,222.2 2 1
github.com/ktrysmt/go-bitbucket/client.go:224.86,226.16 2 1
github.com/ktrysmt/go-bitbucket/client.go:226.16,228.3 1 1
github.com/ktrysmt/go-bitbucket/client.go:229.2,230.24 2 1
github.com/ktrysmt/go-bitbucket/client.go:233.49,236.2 2 1
github.com/ktrysmt/go-bitbucket/client.go:238.71,240.16 2 1
github.com/ktrysmt/go-bitbucket/client.go:240.16,242.3 1 1
github.com/ktrysmt/go-bitbucket/client.go:243.2,244.24 2 1
github.com/ktrysmt/go-bitbucket/client.go:247.69,250.2 2 1
github.com/ktrysmt/go-bitbucket/client.go:252.87,254.16 2 1
github.com/ktrysmt/go-bitbucket/client.go:254.16,256.3 1 1
github.com/ktrysmt/go-bitbucket/client.go:257.2,258.24 2 1
github.com/ktrysmt/go-bitbucket/client.go:261.45,264.25 2 1
github.com/ktrysmt/go-bitbucket/client.go:264.25,266.3 1 1
github.com/ktrysmt/go-bitbucket/client.go:266.8,268.17 2 1
github.com/ktrysmt/go-bitbucket/client.go:268.17,270.4 1 0
github.com/ktrysmt/go-bitbucket/client.go:271.3,271.30 1 1
github.com/ktrysmt/go-bitbucket/client.go:273.2,273.22 1 1
github.com/ktrysmt/go-bitbucket/client.go:273.22,275.17 2 1
github.com/ktrysmt/go-bitbucket/client.go:275.17,277.4 1 0
github.com/ktrysmt/go-bitbucket/client.go:278.3,278.28 1 1
github.com/ktrysmt/go-bitbucket/client.go:279.8,281.3 1 1
github.com/ktrysmt/go-bitbucket/client.go:282.2,302.15 6 1
github.com/ktrysmt/go-bitbucket/client.go:305.47,307.2 1 1
github.com/ktrysmt/go-bitbucket/client.go:309.41,311.2 1 1
github.com/ktrysmt/go-bitbucket/client.go:313.45,315.2 1 1
github.com/ktrysmt/go-bitbucket/client.go:317.48,319.2 1 1
github.com/ktrysmt/go-bitbucket/client.go:321.95,325.16 3 1
github.com/ktrysmt/go-bitbucket/client.go:325.16,327.3 1 0
github.com/ktrysmt/go-bitbucket/client.go:328.2,328.16 1 1
github.com/ktrysmt/go-bitbucket/client.go:328.16,330.3 1 1
github.com/ktrysmt/go-bitbucket/client.go:332.2,333.35 2 1
github.com/ktrysmt/go-bitbucket/client.go:336.90,338.2 1 1
github.com/ktrysmt/go-bitbucket/client.go:340.122,343.16 3 1
github.com/ktrysmt/go-bitbucket/client.go:343.16,345.3 1 0
github.com/ktrysmt/go-bitbucket/client.go:346.2,346.16 1 1
github.com/ktrysmt/go-bitbucket/client.go:346.16,348.3 1 1
github.com/ktrysmt/go-bitbucket/client.go:349.2,349.16 1 1
github.com/ktrysmt/go-bitbucket/client.go:349.16,351.3 1 1
github.com/ktrysmt/go-bitbucket/client.go:352.2,354.16 3 1
github.com/ktrysmt/go-bitbucket/client.go:354.16,356.3 1 1
github.com/ktrysmt/go-bitbucket/client.go:358.2,358.20 1 1
github.com/ktrysmt/go-bitbucket/client.go:361.110,362.38 1 1
github.com/ktrysmt/go-bitbucket/client.go:362.38,364.17 2 1
github.com/ktrysmt/go-bitbucket/client.go:364.17,366.4 1 0
github.com/ktrysmt/go-bitbucket/client.go:367.3,370.27 4 1
github.com/ktrysmt/go-bitbucket/client.go:373.2,375.16 3 1
github.com/ktrysmt/go-bitbucket/client.go:375.16,377.3 1 0
github.com/ktrysmt/go-bitbucket/client.go:378.2,378.16 1 1
github.com/ktrysmt/go-bitbucket/client.go:378.16,380.3 1 0
github.com/ktrysmt/go-bitbucket/client.go:382.2,384.16 3 1
github.com/ktrysmt/go-bitbucket/client.go:384.16,386.3 1 1
github.com/ktrysmt/go-bitbucket/client.go:388.2,388.20 1 1
github.com/ktrysmt/go-bitbucket/client.go:391.172,397.29 4 1
github.com/ktrysmt/go-bitbucket/client.go:397.29,399.17 2 1
github.com/ktrysmt/go-bitbucket/client.go:399.17,401.4 1 1
github.com/ktrysmt/go-bitbucket/client.go:402.3,404.67 2 1
github.com/ktrysmt/go-bitbucket/client.go:404.67,406.4 1 0
github.com/ktrysmt/go-bitbucket/client.go:408.3,408.51 1 1
github.com/ktrysmt/go-bitbucket/client.go:408.51,410.4 1 0
github.com/ktrysmt/go-bitbucket/client.go:413.2,413.33 1 1
github.com/ktrysmt/go-bitbucket/client.go:413.33,415.17 2 1
github.com/ktrysmt/go-bitbucket/client.go:415.17,417.4 1 0
github.com/ktrysmt/go-bitbucket/client.go:420.2,420.41 1 1
github.com/ktrysmt/go-bitbucket/client.go:420.41,422.17 2 0
github.com/ktrysmt/go-bitbucket/client.go:422.17,424.4 1 0
github.com/ktrysmt/go-bitbucket/client.go:429.2,433.16 3 1
github.com/ktrysmt/go-bitbucket/client.go:433.16,435.3 1 0
github.com/ktrysmt/go-bitbucket/client.go:437.2,438.16 2 1
github.com/ktrysmt/go-bitbucket/client.go:438.16,440.3 1 0
github.com/ktrysmt/go-bitbucket/client.go:441.2,442.31 2 1
github.com/ktrysmt/go-bitbucket/client.go:446.57,447.30 1 1
github.com/ktrysmt/go-bitbucket/client.go:447.30,449.3 1 1
github.com/ktrysmt/go-bitbucket/client.go:451.2,451.48 1 1
github.com/ktrysmt/go-bitbucket/client.go:451.48,453.3 1 1
github.com/ktrysmt/go-bitbucket/client.go:453.8,453.33 1 1
github.com/ktrysmt/go-bitbucket/client.go:453.33,455.3 1 0
github.com/ktrysmt/go-bitbucket/client.go:458.88,460.16 2 1
github.com/ktrysmt/go-bitbucket/client.go:460.16,462.3 1 1
github.com/ktrysmt/go-bitbucket/client.go:463.2,463.37 1 1
github.com/ktrysmt/go-bitbucket/client.go:463.37,465.3 1 1
github.com/ktrysmt/go-bitbucket/client.go:467.2,470.16 3 1
github.com/ktrysmt/go-bitbucket/client.go:470.16,472.3 1 0
github.com/ktrysmt/go-bitbucket/client.go:474.2,475.63 2 1
github.com/ktrysmt/go-bitbucket/client.go:475.63,477.3 1 0
github.com/ktrysmt/go-bitbucket/client.go:478.2,478.20 1 1
github.com/ktrysmt/go-bitbucket/client.go:481.108,484.17 3 1
github.com/ktrysmt/go-bitbucket/client.go:484.17,490.3 5 1
github.com/ktrysmt/go-bitbucket/client.go:492.2,495.16 3 1
github.com/ktrysmt/go-bitbucket/client.go:495.16,497.3 1 1
github.com/ktrysmt/go-bitbucket/client.go:498.2,498.37 1 1
github.com/ktrysmt/go-bitbucket/client.go:498.37,500.3 1 0
github.com/ktrysmt/go-bitbucket/client.go:502.2,505.16 3 1
github.com/ktrysmt/go-bitbucket/client.go:505.16,507.3 1 0
github.com/ktrysmt/go-bitbucket/client.go:509.2,511.53 3 1
github.com/ktrysmt/go-bitbucket/client.go:511.53,513.7 2 1
github.com/ktrysmt/go-bitbucket/client.go:513.7,515.52 1 1
github.com/ktrysmt/go-bitbucket/client.go:515.52,516.10 1 1
github.com/ktrysmt/go-bitbucket/client.go:518.4,520.18 3 1
github.com/ktrysmt/go-bitbucket/client.go:520.18,522.5 1 0
github.com/ktrysmt/go-bitbucket/client.go:523.4,525.18 3 1
github.com/ktrysmt/go-bitbucket/client.go:525.18,527.5 1 0
github.com/ktrysmt/go-bitbucket/client.go:529.4,531.56 3 1
github.com/ktrysmt/go-bitbucket/client.go:533.3,535.17 3 1
github.com/ktrysmt/go-bitbucket/client.go:535.17,537.4 1 0
github.com/ktrysmt/go-bitbucket/client.go:540.2,541.63 2 1
github.com/ktrysmt/go-bitbucket/client.go:541.63,543.3 1 0
github.com/ktrysmt/go-bitbucket/client.go:544.2,544.20 1 1
github.com/ktrysmt/go-bitbucket/client.go:547.93,549.16 2 1
github.com/ktrysmt/go-bitbucket/client.go:549.16,551.3 1 0
github.com/ktrysmt/go-bitbucket/client.go:553.2,553.47 1 1
github.com/ktrysmt/go-bitbucket/client.go:553.47,559.17 4 1
github.com/ktrysmt/go-bitbucket/client.go:559.17,561.4 1 0
github.com/ktrysmt/go-bitbucket/client.go:561.9,563.4 1 1
github.com/ktrysmt/go-bitbucket/client.go:565.3,565.18 1 1
github.com/ktrysmt/go-bitbucket/client.go:568.2,568.62 1 1
github.com/ktrysmt/go-bitbucket/client.go:568.62,571.3 2 1
github.com/ktrysmt/go-bitbucket/client.go:573.2,573.22 1 1
github.com/ktrysmt/go-bitbucket/client.go:573.22,575.3 1 0
github.com/ktrysmt/go-bitbucket/client.go:577.2,577.23 1 1
github.com/ktrysmt/go-bitbucket/client.go:580.52,581.20 1 1
github.com/ktrysmt/go-bitbucket/client.go:585.23,586.15 1 1
github.com/ktrysmt/go-bitbucket/client.go:587.10,588.14 1 1
github.com/ktrysmt/go-bitbucket/client.go:592.74,594.37 1 1
github.com/ktrysmt/go-bitbucket/client.go:594.37,596.3 1 1
github.com/ktrysmt/go-bitbucket/client.go:597.2,597.59 1 1
github.com/ktrysmt/go-bitbucket/client.go:600.76,602.50 2 1
github.com/ktrysmt/go-bitbucket/client.go:602.50,604.3 1 1
github.com/ktrysmt/go-bitbucket/client.go:606.2,606.35 1 1
github.com/ktrysmt/go-bitbucket/client.go:606.35,608.3 1 1
github.com/ktrysmt/go-bitbucket/commits.go:12.73,16.2 3 1
github.com/ktrysmt/go-bitbucket/commits.go:18.72,21.2 2 1
github.com/ktrysmt/go-bitbucket/commits.go:23.80,26.2 2 1
github.com/ktrysmt/go-bitbucket/commits.go:28.79,31.2 2 1
github.com/ktrysmt/go-bitbucket/commits.go:33.80,36.2 2 1
github.com/ktrysmt/go-bitbucket/commits.go:38.102,41.2 2 1
github.com/ktrysmt/go-bitbucket/commits.go:43.74,46.2 2 1
github.com/ktrysmt/go-bitbucket/commits.go:48.76,51.2 2 1
github.com/ktrysmt/go-bitbucket/commits.go:53.107,56.16 3 1
github.com/ktrysmt/go-bitbucket/commits.go:56.16,58.3 1 0
github.com/ktrysmt/go-bitbucket/commits.go:59.2,59.71 1 1
github.com/ktrysmt/go-bitbucket/commits.go:62.70,66.19 2 1
github.com/ktrysmt/go-bitbucket/commits.go:66.19,68.3 1 1
github.com/ktrysmt/go-bitbucket/commits.go:69.2,69.19 1 1
github.com/ktrysmt/go-bitbucket/commits.go:69.19,71.3 1 1
github.com/ktrysmt/go-bitbucket/commits.go:73.2,73.37 1 1
github.com/ktrysmt/go-bitbucket/commits.go:73.37,75.3 1 1
github.com/ktrysmt/go-bitbucket/commits.go:76.2,76.11 1 1
github.com/ktrysmt/go-bitbucket/deploykeys.go:29.64,32.32 2 1
github.com/ktrysmt/go-bitbucket/deploykeys.go:32.32,34.3 1 1
github.com/ktrysmt/go-bitbucket/deploykeys.go:36.2,38.16 3 1
github.com/ktrysmt/go-bitbucket/deploykeys.go:38.16,40.3 1 0
github.com/ktrysmt/go-bitbucket/deploykeys.go:42.2,42.23 1 1
github.com/ktrysmt/go-bitbucket/deploykeys.go:45.79,47.9 2 1
github.com/ktrysmt/go-bitbucket/deploykeys.go:47.9,49.3 1 1
github.com/ktrysmt/go-bitbucket/deploykeys.go:51.2,53.43 3 1
github.com/ktrysmt/go-bitbucket/deploykeys.go:53.43,56.17 3 1
github.com/ktrysmt/go-bitbucket/deploykeys.go:56.17,58.4 1 1
github.com/ktrysmt/go-bitbucket/deploykeys.go:61.2,62.9 2 1
github.com/ktrysmt/go-bitbucket/deploykeys.go:62.9,64.3 1 0
github.com/ktrysmt/go-bitbucket/deploykeys.go:66.2,67.9 2 1
github.com/ktrysmt/go-bitbucket/deploykeys.go:67.9,69.3 1 0
github.com/ktrysmt/go-bitbucket/deploykeys.go:70.2,71.9 2 1
github.com/ktrysmt/go-bitbucket/deploykeys.go:71.9,73.3 1 1
github.com/ktrysmt/go-bitbucket/deploykeys.go:74.2,75.9 2 1
github.com/ktrysmt/go-bitbucket/deploykeys.go:75.9,77.3 1 0
github.com/ktrysmt/go-bitbucket/deploykeys.go:79.2,86.27 2 1
github.com/ktrysmt/go-bitbucket/deploykeys.go:89.65,95.16 5 1
github.com/ktrysmt/go-bitbucket/deploykeys.go:95.16,97.3 1 0
github.com/ktrysmt/go-bitbucket/deploykeys.go:99.2,99.26 1 1
github.com/ktrysmt/go-bitbucket/deploykeys.go:102.73,104.16 2 1
github.com/ktrysmt/go-bitbucket/deploykeys.go:104.16,106.3 1 0
github.com/ktrysmt/go-bitbucket/deploykeys.go:107.2,109.16 3 1
github.com/ktrysmt/go-bitbucket/deploykeys.go:109.16,111.3 1 0
github.com/ktrysmt/go-bitbucket/deploykeys.go:113.2,113.34 1 1
github.com/ktrysmt/go-bitbucket/deploykeys.go:116.70,119.16 3 1
github.com/ktrysmt/go-bitbucket/deploykeys.go:119.16,121.3 1 0
github.com/ktrysmt/go-bitbucket/deploykeys.go:123.2,123.34 1 1
github.com/ktrysmt/go-bitbucket/deploykeys.go:126.74,129.2 2 1
github.com/ktrysmt/go-bitbucket/deploykeys.go:131.75,134.16 3 1
github.com/ktrysmt/go-bitbucket/deploykeys.go:134.16,136.3 1 0
github.com/ktrysmt/go-bitbucket/deploykeys.go:138.2,138.35 1 1
github.com/ktrysmt/go-bitbucket/diff.go:34.62,37.30 2 1
github.com/ktrysmt/go-bitbucket/diff.go:37.30,39.3 1 0
github.com/ktrysmt/go-bitbucket/diff.go:41.2,41.19 1 1
github.com/ktrysmt/go-bitbucket/diff.go:41.19,43.3 1 1
github.com/ktrysmt/go-bitbucket/diff.go:45.2,45.20 1 1
github.com/ktrysmt/go-bitbucket/diff.go:45.20,47.3 1 1
github.com/ktrysmt/go-bitbucket/diff.go:49.2,49.19 1 1
github.com/ktrysmt/go-bitbucket/diff.go:49.19,51.3 1 1
github.com/ktrysmt/go-bitbucket/diff.go:53.2,53.16 1 1
github.com/ktrysmt/go-bitbucket/diff.go:53.16,55.3 1 1
github.com/ktrysmt/go-bitbucket/diff.go:57.2,57.17 1 1
github.com/ktrysmt/go-bitbucket/diff.go:57.17,59.3 1 1
github.com/ktrysmt/go-bitbucket/diff.go:61.2,61.14 1 1
github.com/ktrysmt/go-bitbucket/diff.go:61.14,63.3 1 1
github.com/ktrysmt/go-bitbucket/diff.go:65.2,66.42 2 1
github.com/ktrysmt/go-bitbucket/diff.go:69.63,72.2 2 1
github.com/ktrysmt/go-bitbucket/diff.go:74.72,77.31 2 1
github.com/ktrysmt/go-bitbucket/diff.go:77.31,79.3 1 0
github.com/ktrysmt/go-bitbucket/diff.go:81.2,81.20 1 1
github.com/ktrysmt/go-bitbucket/diff.go:81.20,83.3 1 0
github.com/ktrysmt/go-bitbucket/diff.go:85.2,85.16 1 1
github.com/ktrysmt/go-bitbucket/diff.go:85.16,87.3 1 1
github.com/ktrysmt/go-bitbucket/diff.go:89.2,89.20 1 1
github.com/ktrysmt/go-bitbucket/diff.go:89.20,91.3 1 0
github.com/ktrysmt/go-bitbucket/diff.go:93.2,93.18 1 1
github.com/ktrysmt/go-bitbucket/diff.go:93.18,95.3 1 1
github.com/ktrysmt/go-bitbucket/diff.go:97.2,97.15 1 1
github.com/ktrysmt/go-bitbucket/diff.go:97.15,99.3 1 0
github.com/ktrysmt/go-bitbucket/diff.go:101.2,101.21 1 1
github.com/ktrysmt/go-bitbucket/diff.go:101.21,103.3 1 1
github.com/ktrysmt/go-bitbucket/diff.go:105.2,105.21 1 1
github.com/ktrysmt/go-bitbucket/diff.go:105.21,107.3 1 1
github.com/ktrysmt/go-bitbucket/diff.go:109.2,109.22 1 1
github.com/ktrysmt/go-bitbucket/diff.go:109.22,111.3 1 1
github.com/ktrysmt/go-bitbucket/diff.go:113.2,113.25 1 1
github.com/ktrysmt/go-bitbucket/diff.go:113.25,115.3 1 1
github.com/ktrysmt/go-bitbucket/diff.go:117.2,121.16 3 1
github.com/ktrysmt/go-bitbucket/diff.go:121.16,123.3 1 1
github.com/ktrysmt/go-bitbucket/diff.go:124.2,125.16 2 1
github.com/ktrysmt/go-bitbucket/diff.go:125.16,127.3 1 0
github.com/ktrysmt/go-bitbucket/diff.go:128.2,129.35 2 1
github.com/ktrysmt/go-bitbucket/diff.go:132.71,137.16 3 1
github.com/ktrysmt/go-bitbucket/diff.go:137.16,139.3 1 1
github.com/ktrysmt/go-bitbucket/diff.go:141.2,141.26 1 1
github.com/ktrysmt/go-bitbucket/diff.go:146.42,150.2 3 1
github.com/ktrysmt/go-bitbucket/downloads.go:9.72,12.23 2 1
github.com/ktrysmt/go-bitbucket/downloads.go:12.23,13.24 1 1
github.com/ktrysmt/go-bitbucket/downloads.go:13.24,15.4 1 1
github.com/ktrysmt/go-bitbucket/downloads.go:16.3,19.5 1 1
github.com/ktrysmt/go-bitbucket/downloads.go:21.2,21.102 1 1
github.com/ktrysmt/go-bitbucket/downloads.go:24.70,27.2 2 1
github.com/ktrysmt/go-bitbucket/error.go:15.50,18.16 3 1
github.com/ktrysmt/go-bitbucket/error.go:18.16,20.3 1 0
github.com/ktrysmt/go-bitbucket/error.go:22.2,22.43 1 1
github.com/ktrysmt/go-bitbucket/error.go:33.56,35.2 1 1
github.com/ktrysmt/go-bitbucket/error.go:38.63,40.2 1 1
github.com/ktrysmt/go-bitbucket/issues.go:14.63,16.16 2 1
github.com/ktrysmt/go-bitbucket/issues.go:16.16,18.3 1 0
github.com/ktrysmt/go-bitbucket/issues.go:20.2,20.45 1 1
github.com/ktrysmt/go-bitbucket/issues.go:20.45,22.35 2 1
github.com/ktrysmt/go-bitbucket/issues.go:22.35,24.4 1 1
github.com/ktrysmt/go-bitbucket/issues.go:25.3,25.32 1 1
github.com/ktrysmt/go-bitbucket/issues.go:28.2,28.20 1 1
github.com/ktrysmt/go-bitbucket/issues.go:28.20,32.3 3 1
github.com/ktrysmt/go-bitbucket/issues.go:34.2,34.19 1 1
github.com/ktrysmt/go-bitbucket/issues.go:34.19,38.3 3 1
github.com/ktrysmt/go-bitbucket/issues.go:40.2,40.59 1 1
github.com/ktrysmt/go-bitbucket/issues.go:43.62,46.2 2 1
github.com/ktrysmt/go-bitbucket/issues.go:48.65,51.2 2 1
github.com/ktrysmt/go-bitbucket/issues.go:53.65,55.16 2 1
github.com/ktrysmt/go-bitbucket/issues.go:55.16,57.3 1 0
github.com/ktrysmt/go-bitbucket/issues.go:58.2,59.41 2 1
github.com/ktrysmt/go-bitbucket/issues.go:62.65,64.16 2 1
github.com/ktrysmt/go-bitbucket/issues.go:64.16,66.3 1 0
github.com/ktrysmt/go-bitbucket/issues.go:67.2,68.61 2 1
github.com/ktrysmt/go-bitbucket/issues.go:71.72,75.57 3 1
github.com/ktrysmt/go-bitbucket/issues.go:75.57,77.3 1 1
github.com/ktrysmt/go-bitbucket/issues.go:78.2,78.23 1 1
github.com/ktrysmt/go-bitbucket/issues.go:81.51,85.2 3 1
github.com/ktrysmt/go-bitbucket/issues.go:87.54,91.2 3 1
github.com/ktrysmt/go-bitbucket/issues.go:93.73,97.57 3 1
github.com/ktrysmt/go-bitbucket/issues.go:97.57,99.3 1 0
github.com/ktrysmt/go-bitbucket/issues.go:100.2,100.23 1 1
github.com/ktrysmt/go-bitbucket/issues.go:103.52,107.2 3 1
github.com/ktrysmt/go-bitbucket/issues.go:109.55,113.2 3 1
github.com/ktrysmt/go-bitbucket/issues.go:115.68,119.20 2 1
github.com/ktrysmt/go-bitbucket/issues.go:119.20,121.3 1 1
github.com/ktrysmt/go-bitbucket/issues.go:123.2,123.22 1 1
github.com/ktrysmt/go-bitbucket/issues.go:123.22,127.3 1 1
github.com/ktrysmt/go-bitbucket/issues.go:129.2,129.20 1 1
github.com/ktrysmt/go-bitbucket/issues.go:129.20,131.3 1 1
github.com/ktrysmt/go-bitbucket/issues.go:133.2,133.19 1 1
github.com/ktrysmt/go-bitbucket/issues.go:133.19,135.3 1 1
github.com/ktrysmt/go-bitbucket/issues.go:137.2,137.23 1 1
github.com/ktrysmt/go-bitbucket/issues.go:137.23,139.3 1 1
github.com/ktrysmt/go-bitbucket/issues.go:141.2,141.24 1 1
github.com/ktrysmt/go-bitbucket/issues.go:141.24,145.3 1 1
github.com/ktrysmt/go-bitbucket/issues.go:147.2,147.24 1 1
github.com/ktrysmt/go-bitbucket/issues.go:147.24,151.3 1 1
github.com/ktrysmt/go-bitbucket/issues.go:153.2,153.22 1 1
github.com/ktrysmt/go-bitbucket/issues.go:153.22,157.3 1 1
github.com/ktrysmt/go-bitbucket/issues.go:158.2,158.23 1 1
github.com/ktrysmt/go-bitbucket/issues.go:158.23,162.3 1 1
github.com/ktrysmt/go-bitbucket/issues.go:164.2,165.16 2 1
github.com/ktrysmt/go-bitbucket/issues.go:165.16,167.3 1 0
github.com/ktrysmt/go-bitbucket/issues.go:169.2,169.26 1 1
github.com/ktrysmt/go-bitbucket/issues.go:172.78,174.16 2 1
github.com/ktrysmt/go-bitbucket/issues.go:174.16,176.3 1 0
github.com/ktrysmt/go-bitbucket/issues.go:178.2,178.21 1 1
github.com/ktrysmt/go-bitbucket/issues.go:178.21,182.3 3 0
github.com/ktrysmt/go-bitbucket/issues.go:184.2,184.20 1 1
github.com/ktrysmt/go-bitbucket/issues.go:184.20,188.3 3 0
github.com/ktrysmt/go-bitbucket/issues.go:189.2,189.45 1 1
github.com/ktrysmt/go-bitbucket/issues.go:192.80,197.16 3 1
github.com/ktrysmt/go-bitbucket/issues.go:197.16,199.3 1 0
github.com/ktrysmt/go-bitbucket/issues.go:201.2,201.62 1 1
github.com/ktrysmt/go-bitbucket/issues.go:204.77,207.2 2 1
github.com/ktrysmt/go-bitbucket/issues.go:209.80,214.16 3 1
github.com/ktrysmt/go-bitbucket/issues.go:214.16,216.3 1 0
github.com/ktrysmt/go-bitbucket/issues.go:218.2,218.41 1 1
github.com/ktrysmt/go-bitbucket/issues.go:222.80,225.2 2 1
github.com/ktrysmt/go-bitbucket/issues.go:227.78,234.16 4 1
github.com/ktrysmt/go-bitbucket/issues.go:234.16,236.3 1 0
github.com/ktrysmt/go-bitbucket/issues.go:237.2,237.26 1 1
github.com/ktrysmt/go-bitbucket/issues.go:240.76,242.16 2 1
github.com/ktrysmt/go-bitbucket/issues.go:242.16,244.3 1 0
github.com/ktrysmt/go-bitbucket/issues.go:246.2,246.21 1 1
github.com/ktrysmt/go-bitbucket/issues.go:246.21,250.3 3 0
github.com/ktrysmt/go-bitbucket/issues.go:252.2,252.20 1 1
github.com/ktrysmt/go-bitbucket/issues.go:252.20,256.3 3 0
github.com/ktrysmt/go-bitbucket/issues.go:258.2,258.45 1 1
github.com/ktrysmt/go-bitbucket/issues.go:261.78,263.16 2 1
github.com/ktrysmt/go-bitbucket/issues.go:263.16,265.3 1 0
github.com/ktrysmt/go-bitbucket/issues.go:267.2,268.23 2 1
github.com/ktrysmt/go-bitbucket/issues.go:268.23,272.3 1 1
github.com/ktrysmt/go-bitbucket/issues.go:274.2,275.37 2 1
github.com/ktrysmt/go-bitbucket/issues.go:275.37,279.3 1 1
github.com/ktrysmt/go-bitbucket/issues.go:280.2,280.22 1 1
github.com/ktrysmt/go-bitbucket/issues.go:280.22,282.3 1 1
github.com/ktrysmt/go-bitbucket/issues.go:284.2,285.16 2 1
github.com/ktrysmt/go-bitbucket/issues.go:285.16,287.3 1 0
github.com/ktrysmt/go-bitbucket/issues.go:289.2,291.76 2 1
github.com/ktrysmt/go-bitbucket/issues.go:294.75,297.2 2 1
github.com/ktrysmt/go-bitbucket/pipelines.go:13.69,16.20 2 1
github.com/ktrysmt/go-bitbucket/pipelines.go:16.20,18.17 2 1
github.com/ktrysmt/go-bitbucket/pipelines.go:18.17,20.4 1 0
github.com/ktrysmt/go-bitbucket/pipelines.go:21.3,24.27 4 1
github.com/ktrysmt/go-bitbucket/pipelines.go:27.2,27.19 1 1
github.com/ktrysmt/go-bitbucket/pipelines.go:27.19,29.17 2 1
github.com/ktrysmt/go-bitbucket/pipelines.go:29.17,31.4 1 0
github.com/ktrysmt/go-bitbucket/pipelines.go:32.3,35.27 4 1
github.com/ktrysmt/go-bitbucket/pipelines.go:38.2,38.18 1 1
github.com/ktrysmt/go-bitbucket/pipelines.go:38.18,40.17 2 1
github.com/ktrysmt/go-bitbucket/pipelines.go:40.17,42.4 1 0
github.com/ktrysmt/go-bitbucket/pipelines.go:43.3,46.27 4 1
github.com/ktrysmt/go-bitbucket/pipelines.go:49.2,49.53 1 1
github.com/ktrysmt/go-bitbucket/pipelines.go:52.68,55.2 2 1
github.com/ktrysmt/go-bitbucket/pipelines.go:57.74,60.20 2 1
github.com/ktrysmt/go-bitbucket/pipelines.go:60.20,62.17 2 1
github.com/ktrysmt/go-bitbucket/pipelines.go:62.17,64.4 1 0
github.com/ktrysmt/go-bitbucket/pipelines.go:65.3,68.27 4 1
github.com/ktrysmt/go-bitbucket/pipelines.go:71.2,71.19 1 1
github.com/ktrysmt/go-bitbucket/pipelines.go:71.19,73.17 2 1
github.com/ktrysmt/go-bitbucket/pipelines.go:73.17,75.4 1 0
github.com/ktrysmt/go-bitbucket/pipelines.go:76.3,79.27 4 1
github.com/ktrysmt/go-bitbucket/pipelines.go:82.2,82.18 1 1
github.com/ktrysmt/go-bitbucket/pipelines.go:82.18,84.17 2 1
github.com/ktrysmt/go-bitbucket/pipelines.go:84.17,86.4 1 0
github.com/ktrysmt/go-bitbucket/pipelines.go:87.3,90.27 4 1
github.com/ktrysmt/go-bitbucket/pipelines.go:93.2,93.53 1 1
github.com/ktrysmt/go-bitbucket/pipelines.go:96.72,99.2 2 1
github.com/ktrysmt/go-bitbucket/pipelines.go:101.66,104.16 3 1
github.com/ktrysmt/go-bitbucket/pipelines.go:104.16,106.3 1 1
github.com/ktrysmt/go-bitbucket/pipelines.go:107.2,110.16 3 1
github.com/ktrysmt/go-bitbucket/pipelines.go:110.16,112.3 1 0
github.com/ktrysmt/go-bitbucket/pipelines.go:114.2,114.29 1 1
github.com/ktrysmt/go-bitbucket/project.go:30.76,33.2 2 0
github.com/ktrysmt/go-bitbucket/project.go:35.71,38.16 3 1
github.com/ktrysmt/go-bitbucket/project.go:38.16,40.3 1 1
github.com/ktrysmt/go-bitbucket/project.go:42.2,42.32 1 1
github.com/ktrysmt/go-bitbucket/project.go:45.74,47.16 2 1
github.com/ktrysmt/go-bitbucket/project.go:47.16,49.3 1 0
github.com/ktrysmt/go-bitbucket/project.go:50.2,52.16 3 1
github.com/ktrysmt/go-bitbucket/project.go:52.16,54.3 1 0
github.com/ktrysmt/go-bitbucket/project.go:56.2,56.32 1 1
github.com/ktrysmt/go-bitbucket/project.go:59.77,62.2 2 1
github.com/ktrysmt/go-bitbucket/project.go:64.74,66.16 2 1
github.com/ktrysmt/go-bitbucket/project.go:66.16,68.3 1 0
github.com/ktrysmt/go-bitbucket/project.go:69.2,71.16 3 1
github.com/ktrysmt/go-bitbucket/project.go:71.16,73.3 1 0
github.com/ktrysmt/go-bitbucket/project.go:75.2,75.32 1 1
github.com/ktrysmt/go-bitbucket/project.go:78.80,80.16 2 1
github.com/ktrysmt/go-bitbucket/project.go:80.16,82.3 1 0
github.com/ktrysmt/go-bitbucket/project.go:84.2,84.26 1 1
github.com/ktrysmt/go-bitbucket/project.go:87.76,90.28 2 1
github.com/ktrysmt/go-bitbucket/project.go:90.28,92.3 1 1
github.com/ktrysmt/go-bitbucket/project.go:94.2,94.21 1 1
github.com/ktrysmt/go-bitbucket/project.go:94.21,96.3 1 1
github.com/ktrysmt/go-bitbucket/project.go:98.2,98.20 1 1
github.com/ktrysmt/go-bitbucket/project.go:98.20,100.3 1 1
github.com/ktrysmt/go-bitbucket/project.go:102.2,104.30 2 1
github.com/ktrysmt/go-bitbucket/project.go:107.59,111.80 3 1
github.com/ktrysmt/go-bitbucket/project.go:111.80,113.3 1 1
github.com/ktrysmt/go-bitbucket/project.go:115.2,116.27 2 1
github.com/ktrysmt/go-bitbucket/pullrequests.go:12.77,14.16 2 1
github.com/ktrysmt/go-bitbucket/pullrequests.go:14.16,16.3 1 0
github.com/ktrysmt/go-bitbucket/pullrequests.go:17.2,18.61 2 1
github.com/ktrysmt/go-bitbucket/pullrequests.go:21.77,23.16 2 1
github.com/ktrysmt/go-bitbucket/pullrequests.go:23.16,25.3 1 0
github.com/ktrysmt/go-bitbucket/pullrequests.go:26.2,27.41 2 1
github.com/ktrysmt/go-bitbucket/pullrequests.go:30.82,33.2 2 1
github.com/ktrysmt/go-bitbucket/pullrequests.go:35.81,38.2 2 1
github.com/ktrysmt/go-bitbucket/pullrequests.go:40.75,43.45 2 1
github.com/ktrysmt/go-bitbucket/pullrequests.go:43.45,45.17 2 1
github.com/ktrysmt/go-bitbucket/pullrequests.go:45.17,47.4 1 0
github.com/ktrysmt/go-bitbucket/pullrequests.go:48.3,49.35 2 1
github.com/ktrysmt/go-bitbucket/pullrequests.go:49.35,51.4 1 1
github.com/ktrysmt/go-bitbucket/pullrequests.go:52.3,53.27 2 1
github.com/ktrysmt/go-bitbucket/pullrequests.go:56.2,56.20 1 1
github.com/ktrysmt/go-bitbucket/pullrequests.go:56.20,58.17 2 1
github.com/ktrysmt/go-bitbucket/pullrequests.go:58.17,60.4 1 0
github.com/ktrysmt/go-bitbucket/pullrequests.go:61.3,64.27 4 1
github.com/ktrysmt/go-bitbucket/pullrequests.go:67.2,67.19 1 1
github.com/ktrysmt/go-bitbucket/pullrequests.go:67.19,69.17 2 1
github.com/ktrysmt/go-bitbucket/pullrequests.go:69.17,71.4 1 0
github.com/ktrysmt/go-bitbucket/pullrequests.go:72.3,75.27 4 1
github.com/ktrysmt/go-bitbucket/pullrequests.go:78.2,78.53 1 1
github.com/ktrysmt/go-bitbucket/pullrequests.go:86.75,88.2 1 1
github.com/ktrysmt/go-bitbucket/pullrequests.go:90.74,93.2 2 1
github.com/ktrysmt/go-bitbucket/pullrequests.go:95.81,98.2 2 1
github.com/ktrysmt/go-bitbucket/pullrequests.go:100.79,103.2 2 1
github.com/ktrysmt/go-bitbucket/pullrequests.go:105.78,108.2 2 1
github.com/ktrysmt/go-bitbucket/pullrequests.go:110.76,113.2 2 1
github.com/ktrysmt/go-bitbucket/pullrequests.go:115.75,118.2 2 1
github.com/ktrysmt/go-bitbucket/pullrequests.go:120.76,122.16 2 1
github.com/ktrysmt/go-bitbucket/pullrequests.go:122.16,124.3 1 0
github.com/ktrysmt/go-bitbucket/pullrequests.go:125.2,126.61 2 1
github.com/ktrysmt/go-bitbucket/pullrequests.go:129.78,131.16 2 1
github.com/ktrysmt/go-bitbucket/pullrequests.go:131.16,133.3 1 0
github.com/ktrysmt/go-bitbucket/pullrequests.go:134.2,135.61 2 1
github.com/ktrysmt/go-bitbucket/pullrequests.go:138.78,141.2 2 1
github.com/ktrysmt/go-bitbucket/pullrequests.go:143.80,146.2 2 1
github.com/ktrysmt/go-bitbucket/pullrequests.go:148.85,151.2 2 1
github.com/ktrysmt/go-bitbucket/pullrequests.go:153.87,156.2 2 1
github.com/ktrysmt/go-bitbucket/pullrequests.go:158.87,160.16 2 1
github.com/ktrysmt/go-bitbucket/pullrequests.go:160.16,162.3 1 0
github.com/ktrysmt/go-bitbucket/pullrequests.go:164.2,165.61 2 1
github.com/ktrysmt/go-bitbucket/pullrequests.go:168.90,170.16 2 1
github.com/ktrysmt/go-bitbucket/pullrequests.go:170.16,172.3 1 0
github.com/ktrysmt/go-bitbucket/pullrequests.go:174.2,175.41 2 1
github.com/ktrysmt/go-bitbucket/pullrequests.go:178.90,181.2 2 1
github.com/ktrysmt/go-bitbucket/pullrequests.go:183.82,186.2 2 1
github.com/ktrysmt/go-bitbucket/pullrequests.go:188.81,191.2 2 1
github.com/ktrysmt/go-bitbucket/pullrequests.go:193.79,195.20 2 1
github.com/ktrysmt/go-bitbucket/pullrequests.go:195.20,197.17 2 0
github.com/ktrysmt/go-bitbucket/pullrequests.go:197.17,199.4 1 0
github.com/ktrysmt/go-bitbucket/pullrequests.go:200.3,203.27 4 0
github.com/ktrysmt/go-bitbucket/pullrequests.go:206.2,206.19 1 1
github.com/ktrysmt/go-bitbucket/pullrequests.go:206.19,208.17 2 0
github.com/ktrysmt/go-bitbucket/pullrequests.go:208.17,210.4 1 0
github.com/ktrysmt/go-bitbucket/pullrequests.go:211.3,214.27 4 0
github.com/ktrysmt/go-bitbucket/pullrequests.go:216.2,216.53 1 1
github.com/ktrysmt/go-bitbucket/pullrequests.go:219.86,229.35 9 1
github.com/ktrysmt/go-bitbucket/pullrequests.go:229.35,231.37 2 1
github.com/ktrysmt/go-bitbucket/pullrequests.go:231.37,233.4 1 1
github.com/ktrysmt/go-bitbucket/pullrequests.go:236.2,236.27 1 1
github.com/ktrysmt/go-bitbucket/pullrequests.go:236.27,238.3 1 1
github.com/ktrysmt/go-bitbucket/pullrequests.go:240.2,240.31 1 1
github.com/ktrysmt/go-bitbucket/pullrequests.go:240.31,242.3 1 0
github.com/ktrysmt/go-bitbucket/pullrequests.go:244.2,244.32 1 1
github.com/ktrysmt/go-bitbucket/pullrequests.go:244.32,246.3 1 1
github.com/ktrysmt/go-bitbucket/pullrequests.go:248.2,248.32 1 1
github.com/ktrysmt/go-bitbucket/pullrequests.go:248.32,250.3 1 0
github.com/ktrysmt/go-bitbucket/pullrequests.go:252.2,252.20 1 1
github.com/ktrysmt/go-bitbucket/pullrequests.go:252.20,254.3 1 1
github.com/ktrysmt/go-bitbucket/pullrequests.go:256.2,256.26 1 1
github.com/ktrysmt/go-bitbucket/pullrequests.go:256.26,258.3 1 1
github.com/ktrysmt/go-bitbucket/pullrequests.go:260.2,260.22 1 1
github.com/ktrysmt/go-bitbucket/pullrequests.go:260.22,262.3 1 0
github.com/ktrysmt/go-bitbucket/pullrequests.go:264.2,264.51 1 1
github.com/ktrysmt/go-bitbucket/pullrequests.go:264.51,266.3 1 1
github.com/ktrysmt/go-bitbucket/pullrequests.go:268.2,268.14 1 1
github.com/ktrysmt/go-bitbucket/pullrequests.go:268.14,270.3 1 1
github.com/ktrysmt/go-bitbucket/pullrequests.go:272.2,273.16 2 1
github.com/ktrysmt/go-bitbucket/pullrequests.go:273.16,275.3 1 0
github.com/ktrysmt/go-bitbucket/pullrequests.go:277.2,277.26 1 1
github.com/ktrysmt/go-bitbucket/pullrequests.go:280.99,286.22 3 1
github.com/ktrysmt/go-bitbucket/pullrequests.go:286.22,290.3 1 1
github.com/ktrysmt/go-bitbucket/pullrequests.go:292.2,293.16 2 1
github.com/ktrysmt/go-bitbucket/pullrequests.go:293.16,295.3 1 0
github.com/ktrysmt/go-bitbucket/pullrequests.go:297.2,297.26 1 1
github.com/ktrysmt/go-bitbucket/repositories.go:33.90,34.20 1 1
github.com/ktrysmt/go-bitbucket/repositories.go:34.20,36.3 1 1
github.com/ktrysmt/go-bitbucket/repositories.go:37.2,40.16 4 1
github.com/ktrysmt/go-bitbucket/repositories.go:40.16,42.3 1 0
github.com/ktrysmt/go-bitbucket/repositories.go:43.2,44.19 2 1
github.com/ktrysmt/go-bitbucket/repositories.go:44.19,46.3 1 1
github.com/ktrysmt/go-bitbucket/repositories.go:47.2,47.44 1 1
github.com/ktrysmt/go-bitbucket/repositories.go:47.44,51.3 2 1
github.com/ktrysmt/go-bitbucket/repositories.go:52.2,55.16 4 1
github.com/ktrysmt/go-bitbucket/repositories.go:55.16,57.3 1 0
github.com/ktrysmt/go-bitbucket/repositories.go:58.2,58.34 1 1
github.com/ktrysmt/go-bitbucket/repositories.go:62.87,64.2 1 1
github.com/ktrysmt/go-bitbucket/repositories.go:67.87,71.16 4 1
github.com/ktrysmt/go-bitbucket/repositories.go:71.16,73.3 1 0
github.com/ktrysmt/go-bitbucket/repositories.go:74.2,74.34 1 1
github.com/ktrysmt/go-bitbucket/repositories.go:77.63,80.16 3 1
github.com/ktrysmt/go-bitbucket/repositories.go:80.16,82.3 1 0
github.com/ktrysmt/go-bitbucket/repositories.go:83.2,83.34 1 1
github.com/ktrysmt/go-bitbucket/repositories.go:86.78,88.9 2 1
github.com/ktrysmt/go-bitbucket/repositories.go:88.9,90.3 1 1
github.com/ktrysmt/go-bitbucket/repositories.go:92.2,94.38 3 1
github.com/ktrysmt/go-bitbucket/repositories.go:94.38,96.17 2 1
github.com/ktrysmt/go-bitbucket/repositories.go:96.17,98.4 1 1
github.com/ktrysmt/go-bitbucket/repositories.go:101.2,102.9 2 1
github.com/ktrysmt/go-bitbucket/repositories.go:102.9,104.3 1 0
github.com/ktrysmt/go-bitbucket/repositories.go:106.2,107.9 2 1
github.com/ktrysmt/go-bitbucket/repositories.go:107.9,109.3 1 0
github.com/ktrysmt/go-bitbucket/repositories.go:110.2,111.9 2 1
github.com/ktrysmt/go-bitbucket/repositories.go:111.9,113.3 1 0
github.com/ktrysmt/go-bitbucket/repositories.go:115.2,121.27 2 1
github.com/ktrysmt/go-bitbucket/repository.go:273.73,275.16 2 1
github.com/ktrysmt/go-bitbucket/repository.go:275.16,277.3 1 0
github.com/ktrysmt/go-bitbucket/repository.go:278.2,280.16 3 1
github.com/ktrysmt/go-bitbucket/repository.go:280.16,282.3 1 0
github.com/ktrysmt/go-bitbucket/repository.go:284.2,284.35 1 1
github.com/ktrysmt/go-bitbucket/repository.go:287.75,289.16 2 1
github.com/ktrysmt/go-bitbucket/repository.go:289.16,291.3 1 0
github.com/ktrysmt/go-bitbucket/repository.go:292.2,294.16 3 1
github.com/ktrysmt/go-bitbucket/repository.go:294.16,296.3 1 0
github.com/ktrysmt/go-bitbucket/repository.go:298.2,298.35 1 1
github.com/ktrysmt/go-bitbucket/repository.go:301.70,304.16 3 1
github.com/ktrysmt/go-bitbucket/repository.go:304.16,306.3 1 1
github.com/ktrysmt/go-bitbucket/repository.go:308.2,308.35 1 1
github.com/ktrysmt/go-bitbucket/repository.go:311.83,316.16 4 1
github.com/ktrysmt/go-bitbucket/repository.go:316.16,318.3 1 0
github.com/ktrysmt/go-bitbucket/repository.go:320.2,324.32 4 1
github.com/ktrysmt/go-bitbucket/repository.go:327.81,329.16 2 1
github.com/ktrysmt/go-bitbucket/repository.go:329.16,331.3 1 0
github.com/ktrysmt/go-bitbucket/repository.go:333.2,334.16 2 1
github.com/ktrysmt/go-bitbucket/repository.go:334.16,336.3 1 1
github.com/ktrysmt/go-bitbucket/repository.go:337.2,339.32 2 1
github.com/ktrysmt/go-bitbucket/repository.go:342.86,344.16 2 1
github.com/ktrysmt/go-bitbucket/repository.go:344.16,346.3 1 0
github.com/ktrysmt/go-bitbucket/repository.go:348.2,349.16 2 1
github.com/ktrysmt/go-bitbucket/repository.go:349.16,351.3 1 0
github.com/ktrysmt/go-bitbucket/repository.go:353.2,353.40 1 1
github.com/ktrysmt/go-bitbucket/repository.go:356.86,360.16 4 1
github.com/ktrysmt/go-bitbucket/repository.go:360.16,362.3 1 1
github.com/ktrysmt/go-bitbucket/repository.go:364.2,365.16 2 1
github.com/ktrysmt/go-bitbucket/repository.go:365.16,367.3 1 0
github.com/ktrysmt/go-bitbucket/repository.go:369.2,371.19 2 1
github.com/ktrysmt/go-bitbucket/repository.go:374.74,377.21 2 1
github.com/ktrysmt/go-bitbucket/repository.go:377.21,379.3 1 1
github.com/ktrysmt/go-bitbucket/repository.go:381.2,381.22 1 1
github.com/ktrysmt/go-bitbucket/repository.go:381.22,383.3 1 1
github.com/ktrysmt/go-bitbucket/repository.go:385.2,385.21 1 1
github.com/ktrysmt/go-bitbucket/repository.go:385.21,387.3 1 1
github.com/ktrysmt/go-bitbucket/repository.go:389.2,389.23 1 1
github.com/ktrysmt/go-bitbucket/repository.go:389.23,390.24 1 1
github.com/ktrysmt/go-bitbucket/repository.go:390.24,392.4 1 1
github.com/ktrysmt/go-bitbucket/repository.go:393.3,396.5 1 1
github.com/ktrysmt/go-bitbucket/repository.go:399.2,402.12 3 1
github.com/ktrysmt/go-bitbucket/repository.go:407.83,410.21 2 1
github.com/ktrysmt/go-bitbucket/repository.go:410.21,412.3 1 1
github.com/ktrysmt/go-bitbucket/repository.go:414.2,414.20 1 1
github.com/ktrysmt/go-bitbucket/repository.go:414.20,416.3 1 1
github.com/ktrysmt/go-bitbucket/repository.go:418.2,418.21 1 1
github.com/ktrysmt/go-bitbucket/repository.go:418.21,420.3 1 1
github.com/ktrysmt/go-bitbucket/repository.go:422.2,422.21 1 1
github.com/ktrysmt/go-bitbucket/repository.go:422.21,424.3 1 1
github.com/ktrysmt/go-bitbucket/repository.go:426.2,426.22 1 1
github.com/ktrysmt/go-bitbucket/repository.go:426.22,428.3 1 1
github.com/ktrysmt/go-bitbucket/repository.go:430.2,432.16 3 1
github.com/ktrysmt/go-bitbucket/repository.go:432.16,434.3 1 1
github.com/ktrysmt/go-bitbucket/repository.go:435.2,436.16 2 1
github.com/ktrysmt/go-bitbucket/repository.go:436.16,438.3 1 0
github.com/ktrysmt/go-bitbucket/repository.go:439.2,440.41 2 1
github.com/ktrysmt/go-bitbucket/repository.go:447.94,450.21 2 1
github.com/ktrysmt/go-bitbucket/repository.go:450.21,454.3 2 1
github.com/ktrysmt/go-bitbucket/repository.go:456.2,456.20 1 1
github.com/ktrysmt/go-bitbucket/repository.go:456.20,458.3 1 1
github.com/ktrysmt/go-bitbucket/repository.go:460.2,460.21 1 1
github.com/ktrysmt/go-bitbucket/repository.go:460.21,462.3 1 1
github.com/ktrysmt/go-bitbucket/repository.go:464.2,464.21 1 1
github.com/ktrysmt/go-bitbucket/repository.go:464.21,466.3 1 1
github.com/ktrysmt/go-bitbucket/repository.go:468.2,468.22 1 1
github.com/ktrysmt/go-bitbucket/repository.go:468.22,470.3 1 1
github.com/ktrysmt/go-bitbucket/repository.go:472.2,474.16 3 1
github.com/ktrysmt/go-bitbucket/repository.go:474.16,476.3 1 1
github.com/ktrysmt/go-bitbucket/repository.go:477.2,478.16 2 1
github.com/ktrysmt/go-bitbucket/repository.go:478.16,480.3 1 0
github.com/ktrysmt/go-bitbucket/repository.go:482.2,482.52 1 1
github.com/ktrysmt/go-bitbucket/repository.go:485.89,486.26 1 1
github.com/ktrysmt/go-bitbucket/repository.go:486.26,488.3 1 1
github.com/ktrysmt/go-bitbucket/repository.go:489.2,491.16 3 1
github.com/ktrysmt/go-bitbucket/repository.go:491.16,493.3 1 1
github.com/ktrysmt/go-bitbucket/repository.go:494.2,495.16 2 1
github.com/ktrysmt/go-bitbucket/repository.go:495.16,497.3 1 0
github.com/ktrysmt/go-bitbucket/repository.go:498.2,499.43 2 1
github.com/ktrysmt/go-bitbucket/repository.go:503.77,505.24 2 1
github.com/ktrysmt/go-bitbucket/repository.go:505.24,507.3 1 1
github.com/ktrysmt/go-bitbucket/repository.go:508.2,509.23 2 1
github.com/ktrysmt/go-bitbucket/repository.go:509.23,511.3 1 1
github.com/ktrysmt/go-bitbucket/repository.go:512.2,514.12 3 1
github.com/ktrysmt/go-bitbucket/repository.go:517.100,520.16 3 1
github.com/ktrysmt/go-bitbucket/repository.go:520.16,522.3 1 0
github.com/ktrysmt/go-bitbucket/repository.go:524.2,525.16 2 1
github.com/ktrysmt/go-bitbucket/repository.go:525.16,527.3 1 1
github.com/ktrysmt/go-bitbucket/repository.go:529.2,530.16 2 1
github.com/ktrysmt/go-bitbucket/repository.go:530.16,532.3 1 0
github.com/ktrysmt/go-bitbucket/repository.go:534.2,535.50 2 1
github.com/ktrysmt/go-bitbucket/repository.go:538.83,541.21 2 1
github.com/ktrysmt/go-bitbucket/repository.go:541.21,543.3 1 0
github.com/ktrysmt/go-bitbucket/repository.go:545.2,545.20 1 1
github.com/ktrysmt/go-bitbucket/repository.go:545.20,547.3 1 0
github.com/ktrysmt/go-bitbucket/repository.go:549.2,549.21 1 1
github.com/ktrysmt/go-bitbucket/repository.go:549.21,551.3 1 0
github.com/ktrysmt/go-bitbucket/repository.go:553.2,553.21 1 1
github.com/ktrysmt/go-bitbucket/repository.go:553.21,555.3 1 0
github.com/ktrysmt/go-bitbucket/repository.go:557.2,557.22 1 1
github.com/ktrysmt/go-bitbucket/repository.go:557.22,559.3 1 0
github.com/ktrysmt/go-bitbucket/repository.go:561.2,563.16 3 1
github.com/ktrysmt/go-bitbucket/repository.go:563.16,565.3 1 0
github.com/ktrysmt/go-bitbucket/repository.go:566.2,566.39 1 1
github.com/ktrysmt/go-bitbucket/repository.go:569.91,572.16 3 1
github.com/ktrysmt/go-bitbucket/repository.go:572.16,574.3 1 0
github.com/ktrysmt/go-bitbucket/repository.go:576.2,577.16 2 1
github.com/ktrysmt/go-bitbucket/repository.go:577.16,579.3 1 1
github.com/ktrysmt/go-bitbucket/repository.go:581.2,582.16 2 1
github.com/ktrysmt/go-bitbucket/repository.go:582.16,584.3 1 0
github.com/ktrysmt/go-bitbucket/repository.go:586.2,587.47 2 1
github.com/ktrysmt/go-bitbucket/repository.go:590.73,592.16 2 1
github.com/ktrysmt/go-bitbucket/repository.go:592.16,594.3 1 0
github.com/ktrysmt/go-bitbucket/repository.go:595.2,596.19 2 1
github.com/ktrysmt/go-bitbucket/repository.go:596.19,598.3 1 1
github.com/ktrysmt/go-bitbucket/repository.go:599.2,601.16 3 1
github.com/ktrysmt/go-bitbucket/repository.go:601.16,603.3 1 0
github.com/ktrysmt/go-bitbucket/repository.go:604.2,604.35 1 1
github.com/ktrysmt/go-bitbucket/repository.go:607.73,609.19 2 1
github.com/ktrysmt/go-bitbucket/repository.go:609.19,611.3 1 1
github.com/ktrysmt/go-bitbucket/repository.go:612.2,613.42 2 1
github.com/ktrysmt/go-bitbucket/repository.go:616.79,619.2 2 1
github.com/ktrysmt/go-bitbucket/repository.go:621.76,624.2 2 1
github.com/ktrysmt/go-bitbucket/repository.go:626.93,630.16 3 1
github.com/ktrysmt/go-bitbucket/repository.go:630.16,632.3 1 1
github.com/ktrysmt/go-bitbucket/repository.go:633.2,633.36 1 1
github.com/ktrysmt/go-bitbucket/repository.go:636.107,639.16 3 1
github.com/ktrysmt/go-bitbucket/repository.go:639.16,641.3 1 1
github.com/ktrysmt/go-bitbucket/repository.go:642.2,642.35 1 1
github.com/ktrysmt/go-bitbucket/repository.go:645.107,648.16 3 1
github.com/ktrysmt/go-bitbucket/repository.go:648.16,650.3 1 1
github.com/ktrysmt/go-bitbucket/repository.go:651.2,651.35 1 1
github.com/ktrysmt/go-bitbucket/repository.go:654.105,657.2 2 1
github.com/ktrysmt/go-bitbucket/repository.go:659.111,663.16 3 1
github.com/ktrysmt/go-bitbucket/repository.go:663.16,665.3 1 1
github.com/ktrysmt/go-bitbucket/repository.go:666.2,666.45 1 1
github.com/ktrysmt/go-bitbucket/repository.go:669.91,672.16 3 1
github.com/ktrysmt/go-bitbucket/repository.go:672.16,674.3 1 1
github.com/ktrysmt/go-bitbucket/repository.go:675.2,675.43 1 1
github.com/ktrysmt/go-bitbucket/repository.go:678.94,680.16 2 1
github.com/ktrysmt/go-bitbucket/repository.go:680.16,682.3 1 0
github.com/ktrysmt/go-bitbucket/repository.go:683.2,685.16 3 1
github.com/ktrysmt/go-bitbucket/repository.go:685.16,687.3 1 0
github.com/ktrysmt/go-bitbucket/repository.go:689.2,689.43 1 1
github.com/ktrysmt/go-bitbucket/repository.go:692.113,695.21 2 1
github.com/ktrysmt/go-bitbucket/repository.go:695.21,697.3 1 0
github.com/ktrysmt/go-bitbucket/repository.go:699.2,699.20 1 1
github.com/ktrysmt/go-bitbucket/repository.go:699.20,701.3 1 0
github.com/ktrysmt/go-bitbucket/repository.go:703.2,703.21 1 1
github.com/ktrysmt/go-bitbucket/repository.go:703.21,705.3 1 0
github.com/ktrysmt/go-bitbucket/repository.go:707.2,707.21 1 1
github.com/ktrysmt/go-bitbucket/repository.go:707.21,709.3 1 0
github.com/ktrysmt/go-bitbucket/repository.go:711.2,711.22 1 1
github.com/ktrysmt/go-bitbucket/repository.go:711.22,713.3 1 0
github.com/ktrysmt/go-bitbucket/repository.go:715.2,717.16 3 1
github.com/ktrysmt/go-bitbucket/repository.go:717.16,719.3 1 1
github.com/ktrysmt/go-bitbucket/repository.go:720.2,721.16 2 1
github.com/ktrysmt/go-bitbucket/repository.go:721.16,723.3 1 0
github.com/ktrysmt/go-bitbucket/repository.go:724.2,725.44 2 1
github.com/ktrysmt/go-bitbucket/repository.go:728.110,730.16 2 1
github.com/ktrysmt/go-bitbucket/repository.go:730.16,732.3 1 0
github.com/ktrysmt/go-bitbucket/repository.go:733.2,736.16 3 1
github.com/ktrysmt/go-bitbucket/repository.go:736.16,738.3 1 0
github.com/ktrysmt/go-bitbucket/repository.go:740.2,740.51 1 1
github.com/ktrysmt/go-bitbucket/repository.go:743.112,746.2 2 1
github.com/ktrysmt/go-bitbucket/repository.go:748.109,751.16 3 1
github.com/ktrysmt/go-bitbucket/repository.go:751.16,753.3 1 1
github.com/ktrysmt/go-bitbucket/repository.go:754.2,754.51 1 1
github.com/ktrysmt/go-bitbucket/repository.go:757.112,759.16 2 1
github.com/ktrysmt/go-bitbucket/repository.go:759.16,761.3 1 0
github.com/ktrysmt/go-bitbucket/repository.go:762.2,764.16 3 1
github.com/ktrysmt/go-bitbucket/repository.go:764.16,766.3 1 0
github.com/ktrysmt/go-bitbucket/repository.go:767.2,767.51 1 1
github.com/ktrysmt/go-bitbucket/repository.go:770.108,774.16 3 1
github.com/ktrysmt/go-bitbucket/repository.go:774.16,776.3 1 1
github.com/ktrysmt/go-bitbucket/repository.go:778.2,778.50 1 1
github.com/ktrysmt/go-bitbucket/repository.go:781.108,783.16 2 1
github.com/ktrysmt/go-bitbucket/repository.go:783.16,785.3 1 0
github.com/ktrysmt/go-bitbucket/repository.go:786.2,789.16 3 1
github.com/ktrysmt/go-bitbucket/repository.go:789.16,791.3 1 0
github.com/ktrysmt/go-bitbucket/repository.go:793.2,793.50 1 1
github.com/ktrysmt/go-bitbucket/repository.go:796.106,799.2 2 1
github.com/ktrysmt/go-bitbucket/repository.go:801.123,803.16 2 1
github.com/ktrysmt/go-bitbucket/repository.go:803.16,805.3 1 0
github.com/ktrysmt/go-bitbucket/repository.go:806.2,809.16 3 1
github.com/ktrysmt/go-bitbucket/repository.go:809.16,811.3 1 0
github.com/ktrysmt/go-bitbucket/repository.go:813.2,813.54 1 1
github.com/ktrysmt/go-bitbucket/repository.go:816.101,819.16 3 1
github.com/ktrysmt/go-bitbucket/repository.go:819.16,821.3 1 1
github.com/ktrysmt/go-bitbucket/repository.go:822.2,822.39 1 1
github.com/ktrysmt/go-bitbucket/repository.go:825.98,828.16 3 1
github.com/ktrysmt/go-bitbucket/repository.go:828.16,830.3 1 1
github.com/ktrysmt/go-bitbucket/repository.go:832.2,833.16 2 1
github.com/ktrysmt/go-bitbucket/repository.go:833.16,835.3 1 0
github.com/ktrysmt/go-bitbucket/repository.go:837.2,838.39 2 1
github.com/ktrysmt/go-bitbucket/repository.go:841.94,843.16 2 1
github.com/ktrysmt/go-bitbucket/repository.go:843.16,845.3 1 0
github.com/ktrysmt/go-bitbucket/repository.go:846.2,848.16 3 1
github.com/ktrysmt/go-bitbucket/repository.go:848.16,850.3 1 0
github.com/ktrysmt/go-bitbucket/repository.go:852.2,852.31 1 1
github.com/ktrysmt/go-bitbucket/repository.go:855.102,858.2 2 1
github.com/ktrysmt/go-bitbucket/repository.go:860.94,863.16 3 1
github.com/ktrysmt/go-bitbucket/repository.go:863.16,865.3 1 1
github.com/ktrysmt/go-bitbucket/repository.go:867.2,867.31 1 1
github.com/ktrysmt/go-bitbucket/repository.go:870.119,872.21 2 1
github.com/ktrysmt/go-bitbucket/repository.go:872.21,874.3 1 0
github.com/ktrysmt/go-bitbucket/repository.go:876.2,876.20 1 1
github.com/ktrysmt/go-bitbucket/repository.go:876.20,878.3 1 0
github.com/ktrysmt/go-bitbucket/repository.go:880.2,880.21 1 1
github.com/ktrysmt/go-bitbucket/repository.go:880.21,882.3 1 0
github.com/ktrysmt/go-bitbucket/repository.go:884.2,884.21 1 1
github.com/ktrysmt/go-bitbucket/repository.go:884.21,886.3 1 0
github.com/ktrysmt/go-bitbucket/repository.go:888.2,888.22 1 1
github.com/ktrysmt/go-bitbucket/repository.go:888.22,890.3 1 0
github.com/ktrysmt/go-bitbucket/repository.go:892.2,894.16 3 1
github.com/ktrysmt/go-bitbucket/repository.go:894.16,896.3 1 1
github.com/ktrysmt/go-bitbucket/repository.go:897.2,898.16 2 1
github.com/ktrysmt/go-bitbucket/repository.go:898.16,900.3 1 0
github.com/ktrysmt/go-bitbucket/repository.go:901.2,902.46 2 1
github.com/ktrysmt/go-bitbucket/repository.go:905.115,907.16 2 1
github.com/ktrysmt/go-bitbucket/repository.go:907.16,909.3 1 0
github.com/ktrysmt/go-bitbucket/repository.go:910.2,913.16 3 1
github.com/ktrysmt/go-bitbucket/repository.go:913.16,915.3 1 0
github.com/ktrysmt/go-bitbucket/repository.go:917.2,917.43 1 1
github.com/ktrysmt/go-bitbucket/repository.go:920.116,923.2 2 1
github.com/ktrysmt/go-bitbucket/repository.go:925.118,927.16 2 1
github.com/ktrysmt/go-bitbucket/repository.go:927.16,929.3 1 0
github.com/ktrysmt/go-bitbucket/repository.go:930.2,933.16 3 1
github.com/ktrysmt/go-bitbucket/repository.go:933.16,935.3 1 0
github.com/ktrysmt/go-bitbucket/repository.go:937.2,937.43 1 1
github.com/ktrysmt/go-bitbucket/repository.go:940.93,944.16 3 1
github.com/ktrysmt/go-bitbucket/repository.go:944.16,946.3 1 1
github.com/ktrysmt/go-bitbucket/repository.go:947.2,947.37 1 1
github.com/ktrysmt/go-bitbucket/repository.go:950.108,952.16 2 1
github.com/ktrysmt/go-bitbucket/repository.go:952.16,954.3 1 0
github.com/ktrysmt/go-bitbucket/repository.go:956.2,959.16 3 1
github.com/ktrysmt/go-bitbucket/repository.go:959.16,961.3 1 0
github.com/ktrysmt/go-bitbucket/repository.go:963.2,963.36 1 1
github.com/ktrysmt/go-bitbucket/repository.go:966.106,969.2 2 1
github.com/ktrysmt/go-bitbucket/repository.go:971.108,975.16 3 1
github.com/ktrysmt/go-bitbucket/repository.go:975.16,977.3 1 0
github.com/ktrysmt/go-bitbucket/repository.go:978.2,978.36 1 1
github.com/ktrysmt/go-bitbucket/repository.go:981.91,985.16 3 1
github.com/ktrysmt/go-bitbucket/repository.go:985.16,987.3 1 1
github.com/ktrysmt/go-bitbucket/repository.go:988.2,988.36 1 1
github.com/ktrysmt/go-bitbucket/repository.go:991.105,993.16 2 1
github.com/ktrysmt/go-bitbucket/repository.go:993.16,995.3 1 0
github.com/ktrysmt/go-bitbucket/repository.go:997.2,1000.16 3 1
github.com/ktrysmt/go-bitbucket/repository.go:1000.16,1002.3 1 0
github.com/ktrysmt/go-bitbucket/repository.go:1004.2,1004.35 1 1
github.com/ktrysmt/go-bitbucket/repository.go:1007.104,1010.2 2 1
github.com/ktrysmt/go-bitbucket/repository.go:1012.105,1016.16 3 1
github.com/ktrysmt/go-bitbucket/repository.go:1016.16,1018.3 1 0
github.com/ktrysmt/go-bitbucket/repository.go:1019.2,1019.35 1 1
github.com/ktrysmt/go-bitbucket/repository.go:1022.81,1025.19 2 1
github.com/ktrysmt/go-bitbucket/repository.go:1025.19,1027.3 1 1
github.com/ktrysmt/go-bitbucket/repository.go:1028.2,1028.23 1 1
github.com/ktrysmt/go-bitbucket/repository.go:1028.23,1030.3 1 1
github.com/ktrysmt/go-bitbucket/repository.go:1031.2,1031.18 1 1
github.com/ktrysmt/go-bitbucket/repository.go:1031.18,1033.3 1 1
github.com/ktrysmt/go-bitbucket/repository.go:1034.2,1034.24 1 1
github.com/ktrysmt/go-bitbucket/repository.go:1034.24,1036.3 1 1
github.com/ktrysmt/go-bitbucket/repository.go:1037.2,1037.26 1 1
github.com/ktrysmt/go-bitbucket/repository.go:1037.26,1039.3 1 1
github.com/ktrysmt/go-bitbucket/repository.go:1040.2,1040.25 1 1
github.com/ktrysmt/go-bitbucket/repository.go:1040.25,1045.24 2 1
github.com/ktrysmt/go-bitbucket/repository.go:1046.22,1048.35 2 1
github.com/ktrysmt/go-bitbucket/repository.go:1049.26,1051.34 2 1
github.com/ktrysmt/go-bitbucket/repository.go:1052.19,1054.34 2 1
github.com/ktrysmt/go-bitbucket/repository.go:1057.2,1057.23 1 1
github.com/ktrysmt/go-bitbucket/repository.go:1057.23,1059.3 1 1
github.com/ktrysmt/go-bitbucket/repository.go:1060.2,1060.24 1 1
github.com/ktrysmt/go-bitbucket/repository.go:1060.24,1062.3 1 1
github.com/ktrysmt/go-bitbucket/repository.go:1063.2,1063.22 1 1
github.com/ktrysmt/go-bitbucket/repository.go:1063.22,1065.3 1 1
github.com/ktrysmt/go-bitbucket/repository.go:1066.2,1066.22 1 1
github.com/ktrysmt/go-bitbucket/repository.go:1066.22,1070.3 1 1
github.com/ktrysmt/go-bitbucket/repository.go:1072.2,1072.30 1 1
github.com/ktrysmt/go-bitbucket/repository.go:1075.79,1078.20 2 1
github.com/ktrysmt/go-bitbucket/repository.go:1078.20,1082.3 1 1
github.com/ktrysmt/go-bitbucket/repository.go:1083.2,1083.19 1 1
github.com/ktrysmt/go-bitbucket/repository.go:1083.19,1085.3 1 1
github.com/ktrysmt/go-bitbucket/repository.go:1086.2,1086.24 1 1
github.com/ktrysmt/go-bitbucket/repository.go:1086.24,1088.3 1 1
github.com/ktrysmt/go-bitbucket/repository.go:1089.2,1089.26 1 1
github.com/ktrysmt/go-bitbucket/repository.go:1089.26,1091.3 1 1
github.com/ktrysmt/go-bitbucket/repository.go:1092.2,1092.25 1 1
github.com/ktrysmt/go-bitbucket/repository.go:1092.25,1094.3 1 1
github.com/ktrysmt/go-bitbucket/repository.go:1095.2,1095.23 1 1
github.com/ktrysmt/go-bitbucket/repository.go:1095.23,1097.3 1 0
github.com/ktrysmt/go-bitbucket/repository.go:1098.2,1098.24 1 1
github.com/ktrysmt/go-bitbucket/repository.go:1098.24,1100.3 1 0
github.com/ktrysmt/go-bitbucket/repository.go:1101.2,1101.22 1 1
github.com/ktrysmt/go-bitbucket/repository.go:1101.22,1103.3 1 0
github.com/ktrysmt/go-bitbucket/repository.go:1104.2,1104.22 1 1
github.com/ktrysmt/go-bitbucket/repository.go:1104.22,1108.3 1 1
github.com/ktrysmt/go-bitbucket/repository.go:1110.2,1110.30 1 1
github.com/ktrysmt/go-bitbucket/repository.go:1113.88,1119.2 3 1
github.com/ktrysmt/go-bitbucket/repository.go:1121.105,1124.21 2 1
github.com/ktrysmt/go-bitbucket/repository.go:1124.21,1126.3 1 1
github.com/ktrysmt/go-bitbucket/repository.go:1127.2,1131.30 4 1
github.com/ktrysmt/go-bitbucket/repository.go:1134.104,1137.28 2 1
github.com/ktrysmt/go-bitbucket/repository.go:1137.28,1139.3 1 1
github.com/ktrysmt/go-bitbucket/repository.go:1140.2,1140.27 1 1
github.com/ktrysmt/go-bitbucket/repository.go:1140.27,1142.3 1 1
github.com/ktrysmt/go-bitbucket/repository.go:1144.2,1144.30 1 1
github.com/ktrysmt/go-bitbucket/repository.go:1147.112,1153.2 3 1
github.com/ktrysmt/go-bitbucket/repository.go:1155.92,1164.2 2 1
github.com/ktrysmt/go-bitbucket/repository.go:1166.86,1175.2 2 1
github.com/ktrysmt/go-bitbucket/repository.go:1177.94,1185.20 3 1
github.com/ktrysmt/go-bitbucket/repository.go:1185.20,1187.3 1 1
github.com/ktrysmt/go-bitbucket/repository.go:1188.2,1191.30 3 1
github.com/ktrysmt/go-bitbucket/repository.go:1194.108,1197.20 2 1
github.com/ktrysmt/go-bitbucket/repository.go:1197.20,1199.3 1 1
github.com/ktrysmt/go-bitbucket/repository.go:1200.2,1204.30 4 1
github.com/ktrysmt/go-bitbucket/repository.go:1207.113,1213.2 3 1
github.com/ktrysmt/go-bitbucket/repository.go:1215.111,1221.2 3 1
github.com/ktrysmt/go-bitbucket/repository.go:1223.81,1225.16 2 1
github.com/ktrysmt/go-bitbucket/repository.go:1225.16,1227.3 1 0
github.com/ktrysmt/go-bitbucket/repository.go:1229.2,1229.26 1 1
github.com/ktrysmt/go-bitbucket/repository.go:1232.70,1235.32 2 1
github.com/ktrysmt/go-bitbucket/repository.go:1235.32,1237.3 1 1
github.com/ktrysmt/go-bitbucket/repository.go:1239.2,1245.16 3 1
github.com/ktrysmt/go-bitbucket/repository.go:1245.16,1247.3 1 0
github.com/ktrysmt/go-bitbucket/repository.go:1248.2,1249.16 2 1
github.com/ktrysmt/go-bitbucket/repository.go:1249.16,1251.3 1 0
github.com/ktrysmt/go-bitbucket/repository.go:1253.2,1253.24 1 1
github.com/ktrysmt/go-bitbucket/repository.go:1256.80,1259.36 2 1
github.com/ktrysmt/go-bitbucket/repository.go:1259.36,1261.3 1 0
github.com/ktrysmt/go-bitbucket/repository.go:1263.2,1265.16 3 1
github.com/ktrysmt/go-bitbucket/repository.go:1265.16,1267.3 1 0
github.com/ktrysmt/go-bitbucket/repository.go:1269.2,1269.30 1 1
github.com/ktrysmt/go-bitbucket/repository.go:1272.75,1276.16 3 1
github.com/ktrysmt/go-bitbucket/repository.go:1276.16,1278.3 1 0
github.com/ktrysmt/go-bitbucket/repository.go:1280.2,1282.36 3 1
github.com/ktrysmt/go-bitbucket/repository.go:1282.36,1285.17 3 1
github.com/ktrysmt/go-bitbucket/repository.go:1285.17,1287.4 1 1
github.com/ktrysmt/go-bitbucket/repository.go:1290.2,1291.9 2 1
github.com/ktrysmt/go-bitbucket/repository.go:1291.9,1293.3 1 1
github.com/ktrysmt/go-bitbucket/repository.go:1295.2,1296.9 2 1
github.com/ktrysmt/go-bitbucket/repository.go:1296.9,1298.3 1 1
github.com/ktrysmt/go-bitbucket/repository.go:1299.2,1300.9 2 1
github.com/ktrysmt/go-bitbucket/repository.go:1300.9,1302.3 1 1
github.com/ktrysmt/go-bitbucket/repository.go:1303.2,1304.9 2 1
github.com/ktrysmt/go-bitbucket/repository.go:1304.9,1306.3 1 1
github.com/ktrysmt/go-bitbucket/repository.go:1308.2,1309.9 2 1
github.com/ktrysmt/go-bitbucket/repository.go:1309.9,1311.3 1 1
github.com/ktrysmt/go-bitbucket/repository.go:1313.2,1321.33 2 1
github.com/ktrysmt/go-bitbucket/repository.go:1324.86,1328.16 3 1
github.com/ktrysmt/go-bitbucket/repository.go:1328.16,1330.3 1 0
github.com/ktrysmt/go-bitbucket/repository.go:1332.2,1334.42 3 1
github.com/ktrysmt/go-bitbucket/repository.go:1334.42,1337.17 3 1
github.com/ktrysmt/go-bitbucket/repository.go:1337.17,1339.4 1 1
github.com/ktrysmt/go-bitbucket/repository.go:1342.2,1343.9 2 1
github.com/ktrysmt/go-bitbucket/repository.go:1343.9,1345.3 1 1
github.com/ktrysmt/go-bitbucket/repository.go:1347.2,1348.9 2 1
github.com/ktrysmt/go-bitbucket/repository.go:1348.9,1350.3 1 1
github.com/ktrysmt/go-bitbucket/repository.go:1351.2,1352.9 2 1
github.com/ktrysmt/go-bitbucket/repository.go:1352.9,1354.3 1 1
github.com/ktrysmt/go-bitbucket/repository.go:1355.2,1356.9 2 1
github.com/ktrysmt/go-bitbucket/repository.go:1356.9,1358.3 1 1
github.com/ktrysmt/go-bitbucket/repository.go:1360.2,1361.9 2 1
github.com/ktrysmt/go-bitbucket/repository.go:1361.9,1363.3 1 1
github.com/ktrysmt/go-bitbucket/repository.go:1365.2,1373.33 2 1
github.com/ktrysmt/go-bitbucket/repository.go:1376.82,1380.16 3 1
github.com/ktrysmt/go-bitbucket/repository.go:1380.16,1382.3 1 0
github.com/ktrysmt/go-bitbucket/repository.go:1383.2,1385.16 3 1
github.com/ktrysmt/go-bitbucket/repository.go:1385.16,1387.3 1 0
github.com/ktrysmt/go-bitbucket/repository.go:1388.2,1388.31 1 1
github.com/ktrysmt/go-bitbucket/repository.go:1391.89,1394.16 3 1
github.com/ktrysmt/go-bitbucket/repository.go:1394.16,1396.3 1 0
github.com/ktrysmt/go-bitbucket/repository.go:1397.2,1397.36 1 1
github.com/ktrysmt/go-bitbucket/repository.go:1400.80,1403.16 3 1
github.com/ktrysmt/go-bitbucket/repository.go:1403.16,1405.3 1 0
github.com/ktrysmt/go-bitbucket/repository.go:1406.2,1406.33 1 1
github.com/ktrysmt/go-bitbucket/repository.go:1409.77,1413.36 4 1
github.com/ktrysmt/go-bitbucket/repository.go:1413.36,1416.17 3 1
github.com/ktrysmt/go-bitbucket/repository.go:1416.17,1418.4 1 1
github.com/ktrysmt/go-bitbucket/repository.go:1421.2,1422.9 2 1
github.com/ktrysmt/go-bitbucket/repository.go:1422.9,1424.3 1 0
github.com/ktrysmt/go-bitbucket/repository.go:1426.2,1427.9 2 1
github.com/ktrysmt/go-bitbucket/repository.go:1427.9,1429.3 1 0
github.com/ktrysmt/go-bitbucket/repository.go:1430.2,1431.9 2 1
github.com/ktrysmt/go-bitbucket/repository.go:1431.9,1433.3 1 1
github.com/ktrysmt/go-bitbucket/repository.go:1434.2,1435.9 2 1
github.com/ktrysmt/go-bitbucket/repository.go:1435.9,1437.3 1 0
github.com/ktrysmt/go-bitbucket/repository.go:1439.2,1440.9 2 1
github.com/ktrysmt/go-bitbucket/repository.go:1440.9,1442.3 1 1
github.com/ktrysmt/go-bitbucket/repository.go:1444.2,1452.29 2 1
github.com/ktrysmt/go-bitbucket/repository.go:1455.76,1458.32 2 1
github.com/ktrysmt/go-bitbucket/repository.go:1458.32,1460.3 1 1
github.com/ktrysmt/go-bitbucket/repository.go:1462.2,1464.16 3 1
github.com/ktrysmt/go-bitbucket/repository.go:1464.16,1466.3 1 0
github.com/ktrysmt/go-bitbucket/repository.go:1468.2,1468.22 1 1
github.com/ktrysmt/go-bitbucket/repository.go:1471.78,1475.16 3 1
github.com/ktrysmt/go-bitbucket/repository.go:1475.16,1477.3 1 0
github.com/ktrysmt/go-bitbucket/repository.go:1479.2,1481.34 3 1
github.com/ktrysmt/go-bitbucket/repository.go:1481.34,1484.17 3 1
github.com/ktrysmt/go-bitbucket/repository.go:1484.17,1486.4 1 1
github.com/ktrysmt/go-bitbucket/repository.go:1489.2,1490.9 2 1
github.com/ktrysmt/go-bitbucket/repository.go:1490.9,1492.3 1 0
github.com/ktrysmt/go-bitbucket/repository.go:1494.2,1495.9 2 1
github.com/ktrysmt/go-bitbucket/repository.go:1495.9,1497.3 1 0
github.com/ktrysmt/go-bitbucket/repository.go:1498.2,1499.9 2 1
github.com/ktrysmt/go-bitbucket/repository.go:1499.9,1501.3 1 1
github.com/ktrysmt/go-bitbucket/repository.go:1502.2,1503.9 2 1
github.com/ktrysmt/go-bitbucket/repository.go:1503.9,1505.3 1 0
github.com/ktrysmt/go-bitbucket/repository.go:1507.2,1508.9 2 1
github.com/ktrysmt/go-bitbucket/repository.go:1508.9,1510.3 1 1
github.com/ktrysmt/go-bitbucket/repository.go:1512.2,1520.32 2 1
github.com/ktrysmt/go-bitbucket/repository.go:1523.92,1526.32 2 1
github.com/ktrysmt/go-bitbucket/repository.go:1526.32,1528.3 1 0
github.com/ktrysmt/go-bitbucket/repository.go:1530.2,1532.16 3 1
github.com/ktrysmt/go-bitbucket/repository.go:1532.16,1534.3 1 0
github.com/ktrysmt/go-bitbucket/repository.go:1536.2,1536.30 1 1
github.com/ktrysmt/go-bitbucket/repository.go:1539.90,1542.32 2 1
github.com/ktrysmt/go-bitbucket/repository.go:1542.32,1544.3 1 0
github.com/ktrysmt/go-bitbucket/repository.go:1546.2,1548.16 3 1
github.com/ktrysmt/go-bitbucket/repository.go:1548.16,1550.3 1 0
github.com/ktrysmt/go-bitbucket/repository.go:1552.2,1552.29 1 1
github.com/ktrysmt/go-bitbucket/repository.go:1555.98,1558.32 2 1
github.com/ktrysmt/go-bitbucket/repository.go:1558.32,1560.3 1 0
github.com/ktrysmt/go-bitbucket/repository.go:1562.2,1564.16 3 1
github.com/ktrysmt/go-bitbucket/repository.go:1564.16,1566.3 1 0
github.com/ktrysmt/go-bitbucket/repository.go:1568.2,1568.33 1 1
github.com/ktrysmt/go-bitbucket/repository.go:1571.88,1574.42 2 1
github.com/ktrysmt/go-bitbucket/repository.go:1574.42,1576.3 1 1
github.com/ktrysmt/go-bitbucket/repository.go:1578.2,1580.16 3 1
github.com/ktrysmt/go-bitbucket/repository.go:1580.16,1582.3 1 0
github.com/ktrysmt/go-bitbucket/repository.go:1584.2,1584.28 1 1
github.com/ktrysmt/go-bitbucket/repository.go:1587.65,1590.16 3 1
github.com/ktrysmt/go-bitbucket/repository.go:1590.16,1592.3 1 0
github.com/ktrysmt/go-bitbucket/repository.go:1594.2,1597.33 4 1
github.com/ktrysmt/go-bitbucket/repository.go:1597.33,1600.17 3 1
github.com/ktrysmt/go-bitbucket/repository.go:1600.17,1601.19 1 0
github.com/ktrysmt/go-bitbucket/repository.go:1601.19,1603.5 1 0
github.com/ktrysmt/go-bitbucket/repository.go:1603.10,1605.5 1 0
github.com/ktrysmt/go-bitbucket/repository.go:1606.9,1608.4 1 1
github.com/ktrysmt/go-bitbucket/repository.go:1611.2,1612.9 2 1
github.com/ktrysmt/go-bitbucket/repository.go:1612.9,1614.3 1 0
github.com/ktrysmt/go-bitbucket/repository.go:1616.2,1617.9 2 1
github.com/ktrysmt/go-bitbucket/repository.go:1617.9,1619.3 1 0
github.com/ktrysmt/go-bitbucket/repository.go:1621.2,1622.9 2 1
github.com/ktrysmt/go-bitbucket/repository.go:1622.9,1624.3 1 1
github.com/ktrysmt/go-bitbucket/repository.go:1626.2,1627.9 2 1
github.com/ktrysmt/go-bitbucket/repository.go:1627.9,1629.3 1 0
github.com/ktrysmt/go-bitbucket/repository.go:1631.2,1632.9 2 1
github.com/ktrysmt/go-bitbucket/repository.go:1632.9,1634.3 1 1
github.com/ktrysmt/go-bitbucket/repository.go:1636.2,1645.27 2 1
github.com/ktrysmt/go-bitbucket/repository.go:1648.68,1651.36 2 1
github.com/ktrysmt/go-bitbucket/repository.go:1651.36,1653.3 1 1
github.com/ktrysmt/go-bitbucket/repository.go:1655.2,1657.16 3 1
github.com/ktrysmt/go-bitbucket/repository.go:1657.16,1659.3 1 0
github.com/ktrysmt/go-bitbucket/repository.go:1661.2,1661.25 1 1
github.com/ktrysmt/go-bitbucket/repository.go:1664.79,1667.16 3 1
github.com/ktrysmt/go-bitbucket/repository.go:1667.16,1669.3 1 0
github.com/ktrysmt/go-bitbucket/repository.go:1671.2,1674.33 4 1
github.com/ktrysmt/go-bitbucket/repository.go:1674.33,1677.17 3 1
github.com/ktrysmt/go-bitbucket/repository.go:1677.17,1678.19 1 0
github.com/ktrysmt/go-bitbucket/repository.go:1678.19,1680.5 1 0
github.com/ktrysmt/go-bitbucket/repository.go:1680.10,1682.5 1 0
github.com/ktrysmt/go-bitbucket/repository.go:1683.9,1685.4 1 1
github.com/ktrysmt/go-bitbucket/repository.go:1688.2,1689.9 2 1
github.com/ktrysmt/go-bitbucket/repository.go:1689.9,1691.3 1 0
github.com/ktrysmt/go-bitbucket/repository.go:1693.2,1694.9 2 1
github.com/ktrysmt/go-bitbucket/repository.go:1694.9,1696.3 1 0
github.com/ktrysmt/go-bitbucket/repository.go:1698.2,1699.9 2 1
github.com/ktrysmt/go-bitbucket/repository.go:1699.9,1701.3 1 1
github.com/ktrysmt/go-bitbucket/repository.go:1703.2,1704.9 2 1
github.com/ktrysmt/go-bitbucket/repository.go:1704.9,1706.3 1 0
github.com/ktrysmt/go-bitbucket/repository.go:1708.2,1709.9 2 1
github.com/ktrysmt/go-bitbucket/repository.go:1709.9,1711.3 1 1
github.com/ktrysmt/go-bitbucket/repository.go:1713.2,1722.34 2 1
github.com/ktrysmt/go-bitbucket/repository.go:1725.82,1728.36 2 1
github.com/ktrysmt/go-bitbucket/repository.go:1728.36,1730.3 1 1
github.com/ktrysmt/go-bitbucket/repository.go:1732.2,1734.16 3 1
github.com/ktrysmt/go-bitbucket/repository.go:1734.16,1736.3 1 0
github.com/ktrysmt/go-bitbucket/repository.go:1738.2,1738.22 1 1
github.com/ktrysmt/go-bitbucket/repository.go:1741.42,1743.2 1 1
github.com/ktrysmt/go-bitbucket/repository.go:1745.42,1747.2 1 1
github.com/ktrysmt/go-bitbucket/repository.go:1749.76,1752.16 3 1
github.com/ktrysmt/go-bitbucket/repository.go:1752.16,1754.3 1 0
github.com/ktrysmt/go-bitbucket/repository.go:1755.2,1755.38 1 1
github.com/ktrysmt/go-bitbucket/repository.go:1758.78,1762.34 4 1
github.com/ktrysmt/go-bitbucket/repository.go:1762.34,1765.17 3 1
github.com/ktrysmt/go-bitbucket/repository.go:1765.17,1767.4 1 1
github.com/ktrysmt/go-bitbucket/repository.go:1770.2,1771.9 2 1
github.com/ktrysmt/go-bitbucket/repository.go:1771.9,1773.3 1 0
github.com/ktrysmt/go-bitbucket/repository.go:1775.2,1776.9 2 1
github.com/ktrysmt/go-bitbucket/repository.go:1776.9,1778.3 1 0
github.com/ktrysmt/go-bitbucket/repository.go:1779.2,1780.9 2 1
github.com/ktrysmt/go-bitbucket/repository.go:1780.9,1782.3 1 1
github.com/ktrysmt/go-bitbucket/repository.go:1783.2,1784.9 2 1
github.com/ktrysmt/go-bitbucket/repository.go:1784.9,1786.3 1 0
github.com/ktrysmt/go-bitbucket/repository.go:1788.2,1789.9 2 1
github.com/ktrysmt/go-bitbucket/repository.go:1789.9,1791.3 1 1
github.com/ktrysmt/go-bitbucket/repository.go:1793.2,1801.39 2 1
github.com/ktrysmt/go-bitbucket/repository.go:1804.96,1808.34 4 1
github.com/ktrysmt/go-bitbucket/repository.go:1808.34,1811.17 3 1
github.com/ktrysmt/go-bitbucket/repository.go:1811.17,1813.4 1 1
github.com/ktrysmt/go-bitbucket/repository.go:1816.2,1817.9 2 1
github.com/ktrysmt/go-bitbucket/repository.go:1817.9,1819.3 1 0
github.com/ktrysmt/go-bitbucket/repository.go:1821.2,1822.9 2 1
github.com/ktrysmt/go-bitbucket/repository.go:1822.9,1824.3 1 0
github.com/ktrysmt/go-bitbucket/repository.go:1825.2,1826.9 2 1
github.com/ktrysmt/go-bitbucket/repository.go:1826.9,1828.3 1 1
github.com/ktrysmt/go-bitbucket/repository.go:1829.2,1830.9 2 1
github.com/ktrysmt/go-bitbucket/repository.go:1830.9,1832.3 1 0
github.com/ktrysmt/go-bitbucket/repository.go:1834.2,1835.9 2 1
github.com/ktrysmt/go-bitbucket/repository.go:1835.9,1837.3 1 1
github.com/ktrysmt/go-bitbucket/repository.go:1839.2,1847.39 2 1
github.com/ktrysmt/go-bitbucket/repository.go:1850.77,1853.16 3 1
github.com/ktrysmt/go-bitbucket/repository.go:1853.16,1855.3 1 0
github.com/ktrysmt/go-bitbucket/repository.go:1856.2,1856.30 1 1
github.com/ktrysmt/go-bitbucket/repository.go:1859.79,1864.34 4 1
github.com/ktrysmt/go-bitbucket/repository.go:1864.34,1867.17 3 1
github.com/ktrysmt/go-bitbucket/repository.go:1867.17,1869.4 1 1
github.com/ktrysmt/go-bitbucket/repository.go:1872.2,1873.9 2 1
github.com/ktrysmt/go-bitbucket/repository.go:1873.9,1875.3 1 0
github.com/ktrysmt/go-bitbucket/repository.go:1877.2,1878.9 2 1
github.com/ktrysmt/go-bitbucket/repository.go:1878.9,1880.3 1 0
github.com/ktrysmt/go-bitbucket/repository.go:1881.2,1882.9 2 1
github.com/ktrysmt/go-bitbucket/repository.go:1882.9,1884.3 1 1
github.com/ktrysmt/go-bitbucket/repository.go:1885.2,1886.9 2 1
github.com/ktrysmt/go-bitbucket/repository.go:1886.9,1888.3 1 0
github.com/ktrysmt/go-bitbucket/repository.go:1890.2,1891.9 2 1
github.com/ktrysmt/go-bitbucket/repository.go:1891.9,1893.3 1 1
github.com/ktrysmt/go-bitbucket/repository.go:1895.2,1903.31 2 1
github.com/ktrysmt/go-bitbucket/repository.go:1906.75,1909.16 3 1
github.com/ktrysmt/go-bitbucket/repository.go:1909.16,1911.3 1 0
github.com/ktrysmt/go-bitbucket/repository.go:1912.2,1912.29 1 1
github.com/ktrysmt/go-bitbucket/repository.go:1915.77,1920.34 4 1
github.com/ktrysmt/go-bitbucket/repository.go:1920.34,1923.17 3 1
github.com/ktrysmt/go-bitbucket/repository.go:1923.17,1925.4 1 1
github.com/ktrysmt/go-bitbucket/repository.go:1928.2,1929.9 2 1
github.com/ktrysmt/go-bitbucket/repository.go:1929.9,1931.3 1 0
github.com/ktrysmt/go-bitbucket/repository.go:1933.2,1934.9 2 1
github.com/ktrysmt/go-bitbucket/repository.go:1934.9,1936.3 1 0
github.com/ktrysmt/go-bitbucket/repository.go:1937.2,1938.9 2 1
github.com/ktrysmt/go-bitbucket/repository.go:1938.9,1940.3 1 1
github.com/ktrysmt/go-bitbucket/repository.go:1941.2,1942.9 2 1
github.com/ktrysmt/go-bitbucket/repository.go:1942.9,1944.3 1 0
github.com/ktrysmt/go-bitbucket/repository.go:1946.2,1947.9 2 1
github.com/ktrysmt/go-bitbucket/repository.go:1947.9,1949.3 1 1
github.com/ktrysmt/go-bitbucket/repository.go:1951.2,1959.30 2 1
github.com/ktrysmt/go-bitbucket/ssh.go:30.58,33.32 2 1
github.com/ktrysmt/go-bitbucket/ssh.go:33.32,35.3 1 1
github.com/ktrysmt/go-bitbucket/ssh.go:37.2,39.16 3 1
github.com/ktrysmt/go-bitbucket/ssh.go:39.16,41.3 1 0
github.com/ktrysmt/go-bitbucket/ssh.go:43.2,43.20 1 1
github.com/ktrysmt/go-bitbucket/ssh.go:46.59,52.16 5 1
github.com/ktrysmt/go-bitbucket/ssh.go:52.16,54.3 1 0
github.com/ktrysmt/go-bitbucket/ssh.go:56.2,56.26 1 1
github.com/ktrysmt/go-bitbucket/ssh.go:59.66,61.9 2 1
github.com/ktrysmt/go-bitbucket/ssh.go:61.9,63.3 1 1
github.com/ktrysmt/go-bitbucket/ssh.go:65.2,67.36 3 1
github.com/ktrysmt/go-bitbucket/ssh.go:67.36,70.17 3 1
github.com/ktrysmt/go-bitbucket/ssh.go:70.17,72.4 1 1
github.com/ktrysmt/go-bitbucket/ssh.go:75.2,76.9 2 1
github.com/ktrysmt/go-bitbucket/ssh.go:76.9,78.3 1 0
github.com/ktrysmt/go-bitbucket/ssh.go:80.2,81.9 2 1
github.com/ktrysmt/go-bitbucket/ssh.go:81.9,83.3 1 0
github.com/ktrysmt/go-bitbucket/ssh.go:84.2,85.9 2 1
github.com/ktrysmt/go-bitbucket/ssh.go:85.9,87.3 1 1
github.com/ktrysmt/go-bitbucket/ssh.go:88.2,89.9 2 1
github.com/ktrysmt/go-bitbucket/ssh.go:89.9,91.3 1 0
github.com/ktrysmt/go-bitbucket/ssh.go:93.2,100.22 2 1
github.com/ktrysmt/go-bitbucket/ssh.go:103.63,105.16 2 1
github.com/ktrysmt/go-bitbucket/ssh.go:105.16,107.3 1 0
github.com/ktrysmt/go-bitbucket/ssh.go:108.2,110.16 3 1
github.com/ktrysmt/go-bitbucket/ssh.go:110.16,112.3 1 0
github.com/ktrysmt/go-bitbucket/ssh.go:114.2,114.31 1 1
github.com/ktrysmt/go-bitbucket/ssh.go:117.60,120.16 3 1
github.com/ktrysmt/go-bitbucket/ssh.go:120.16,122.3 1 1
github.com/ktrysmt/go-bitbucket/ssh.go:124.2,124.31 1 1
github.com/ktrysmt/go-bitbucket/ssh.go:127.67,130.2 2 1
github.com/ktrysmt/go-bitbucket/teams.go:7.56,10.2 2 1
github.com/ktrysmt/go-bitbucket/teams.go:12.63,15.2 2 1
github.com/ktrysmt/go-bitbucket/teams.go:17.63,20.2 2 1
github.com/ktrysmt/go-bitbucket/teams.go:22.65,25.2 2 1
github.com/ktrysmt/go-bitbucket/teams.go:27.65,30.2 2 1
github.com/ktrysmt/go-bitbucket/teams.go:32.68,35.2 2 1
github.com/ktrysmt/go-bitbucket/teams.go:37.64,40.2 2 1
github.com/ktrysmt/go-bitbucket/user.go:24.41,27.16 3 1
github.com/ktrysmt/go-bitbucket/user.go:27.16,29.3 1 1
github.com/ktrysmt/go-bitbucket/user.go:30.2,30.29 1 1
github.com/ktrysmt/go-bitbucket/user.go:34.46,37.2 2 1
github.com/ktrysmt/go-bitbucket/user.go:39.58,42.32 2 1
github.com/ktrysmt/go-bitbucket/user.go:42.32,44.3 1 1
github.com/ktrysmt/go-bitbucket/user.go:46.2,48.16 3 1
github.com/ktrysmt/go-bitbucket/user.go:48.16,50.3 1 0
github.com/ktrysmt/go-bitbucket/user.go:52.2,52.18 1 1
github.com/ktrysmt/go-bitbucket/users.go:9.46,12.16 3 1
github.com/ktrysmt/go-bitbucket/users.go:12.16,14.3 1 1
github.com/ktrysmt/go-bitbucket/users.go:15.2,15.29 1 1
github.com/ktrysmt/go-bitbucket/users.go:18.58,22.2 2 1
github.com/ktrysmt/go-bitbucket/users.go:24.58,28.2 2 1
github.com/ktrysmt/go-bitbucket/users.go:29.61,33.2 2 1
github.com/ktrysmt/go-bitbucket/webhooks.go:24.60,27.32 2 1
github.com/ktrysmt/go-bitbucket/webhooks.go:27.32,29.3 1 1
github.com/ktrysmt/go-bitbucket/webhooks.go:31.2,33.16 3 1
github.com/ktrysmt/go-bitbucket/webhooks.go:33.16,35.3 1 0
github.com/ktrysmt/go-bitbucket/webhooks.go:37.2,37.21 1 1
github.com/ktrysmt/go-bitbucket/webhooks.go:40.62,43.53 3 1
github.com/ktrysmt/go-bitbucket/webhooks.go:43.53,45.17 2 1
github.com/ktrysmt/go-bitbucket/webhooks.go:45.17,47.4 1 0
github.com/ktrysmt/go-bitbucket/webhooks.go:48.3,48.35 1 1
github.com/ktrysmt/go-bitbucket/webhooks.go:50.2,50.22 1 1
github.com/ktrysmt/go-bitbucket/webhooks.go:53.75,56.26 2 1
github.com/ktrysmt/go-bitbucket/webhooks.go:56.26,58.3 1 1
github.com/ktrysmt/go-bitbucket/webhooks.go:59.2,59.18 1 1
github.com/ktrysmt/go-bitbucket/webhooks.go:59.18,61.3 1 1
github.com/ktrysmt/go-bitbucket/webhooks.go:62.2,62.45 1 1
github.com/ktrysmt/go-bitbucket/webhooks.go:62.45,64.3 1 1
github.com/ktrysmt/go-bitbucket/webhooks.go:65.2,65.21 1 1
github.com/ktrysmt/go-bitbucket/webhooks.go:65.21,67.3 1 1
github.com/ktrysmt/go-bitbucket/webhooks.go:69.2,72.16 3 1
github.com/ktrysmt/go-bitbucket/webhooks.go:72.16,74.3 1 0
github.com/ktrysmt/go-bitbucket/webhooks.go:76.2,76.26 1 1
github.com/ktrysmt/go-bitbucket/webhooks.go:79.65,82.16 3 1
github.com/ktrysmt/go-bitbucket/webhooks.go:82.16,84.3 1 0
github.com/ktrysmt/go-bitbucket/webhooks.go:85.2,85.28 1 1
github.com/ktrysmt/go-bitbucket/webhooks.go:89.67,92.2 2 1
github.com/ktrysmt/go-bitbucket/webhooks.go:94.66,96.16 2 1
github.com/ktrysmt/go-bitbucket/webhooks.go:96.16,98.3 1 0
github.com/ktrysmt/go-bitbucket/webhooks.go:99.2,101.16 3 1
github.com/ktrysmt/go-bitbucket/webhooks.go:101.16,103.3 1 0
github.com/ktrysmt/go-bitbucket/webhooks.go:105.2,105.32 1 1
github.com/ktrysmt/go-bitbucket/webhooks.go:108.63,111.16 3 1
github.com/ktrysmt/go-bitbucket/webhooks.go:111.16,113.3 1 0
github.com/ktrysmt/go-bitbucket/webhooks.go:115.2,115.32 1 1
github.com/ktrysmt/go-bitbucket/webhooks.go:118.66,120.16 2 1
github.com/ktrysmt/go-bitbucket/webhooks.go:120.16,122.3 1 0
github.com/ktrysmt/go-bitbucket/webhooks.go:123.2,125.16 3 1
github.com/ktrysmt/go-bitbucket/webhooks.go:125.16,127.3 1 0
github.com/ktrysmt/go-bitbucket/webhooks.go:129.2,129.32 1 1
github.com/ktrysmt/go-bitbucket/webhooks.go:132.69,135.2 2 1
github.com/ktrysmt/go-bitbucket/workspaces.go:53.91,56.16 3 1
github.com/ktrysmt/go-bitbucket/workspaces.go:56.16,58.3 1 0
github.com/ktrysmt/go-bitbucket/workspaces.go:60.2,60.40 1 1
github.com/ktrysmt/go-bitbucket/workspaces.go:63.97,66.16 3 1
github.com/ktrysmt/go-bitbucket/workspaces.go:66.16,68.3 1 0
github.com/ktrysmt/go-bitbucket/workspaces.go:70.2,70.40 1 1
github.com/ktrysmt/go-bitbucket/workspaces.go:73.52,76.16 3 1
github.com/ktrysmt/go-bitbucket/workspaces.go:76.16,78.3 1 0
github.com/ktrysmt/go-bitbucket/workspaces.go:80.2,80.38 1 1
github.com/ktrysmt/go-bitbucket/workspaces.go:83.63,86.16 3 1
github.com/ktrysmt/go-bitbucket/workspaces.go:86.16,88.3 1 0
github.com/ktrysmt/go-bitbucket/workspaces.go:90.2,90.34 1 1
github.com/ktrysmt/go-bitbucket/workspaces.go:93.73,96.16 3 1
github.com/ktrysmt/go-bitbucket/workspaces.go:96.16,98.3 1 0
github.com/ktrysmt/go-bitbucket/workspaces.go:100.2,100.32 1 1
github.com/ktrysmt/go-bitbucket/workspaces.go:103.69,106.16 3 1
github.com/ktrysmt/go-bitbucket/workspaces.go:106.16,108.3 1 0
github.com/ktrysmt/go-bitbucket/workspaces.go:110.2,110.33 1 1
github.com/ktrysmt/go-bitbucket/workspaces.go:113.59,115.50 2 1
github.com/ktrysmt/go-bitbucket/workspaces.go:115.50,117.3 1 1
github.com/ktrysmt/go-bitbucket/workspaces.go:119.2,120.32 2 1
github.com/ktrysmt/go-bitbucket/workspaces.go:120.32,122.3 1 0
github.com/ktrysmt/go-bitbucket/workspaces.go:124.2,127.3 2 1
github.com/ktrysmt/go-bitbucket/workspaces.go:130.65,134.84 3 1
github.com/ktrysmt/go-bitbucket/workspaces.go:134.84,136.3 1 1
github.com/ktrysmt/go-bitbucket/workspaces.go:138.2,139.29 2 1
github.com/ktrysmt/go-bitbucket/workspaces.go:142.81,147.48 4 1
github.com/ktrysmt/go-bitbucket/workspaces.go:147.48,149.17 2 1
github.com/ktrysmt/go-bitbucket/workspaces.go:149.17,151.4 1 0
github.com/ktrysmt/go-bitbucket/workspaces.go:152.3,152.51 1 1
github.com/ktrysmt/go-bitbucket/workspaces.go:155.2,156.9 2 1
github.com/ktrysmt/go-bitbucket/workspaces.go:156.9,158.3 1 0
github.com/ktrysmt/go-bitbucket/workspaces.go:160.2,161.9 2 1
github.com/ktrysmt/go-bitbucket/workspaces.go:161.9,163.3 1 0
github.com/ktrysmt/go-bitbucket/workspaces.go:164.2,165.9 2 1
github.com/ktrysmt/go-bitbucket/workspaces.go:165.9,167.3 1 1
github.com/ktrysmt/go-bitbucket/workspaces.go:168.2,169.9 2 1
github.com/ktrysmt/go-bitbucket/workspaces.go:169.9,171.3 1 0
github.com/ktrysmt/go-bitbucket/workspaces.go:173.2,174.9 2 1
github.com/ktrysmt/go-bitbucket/workspaces.go:174.9,176.3 1 1
github.com/ktrysmt/go-bitbucket/workspaces.go:178.2,187.29 2 1
github.com/ktrysmt/go-bitbucket/workspaces.go:190.72,192.9 2 1
github.com/ktrysmt/go-bitbucket/workspaces.go:192.9,194.3 1 0
github.com/ktrysmt/go-bitbucket/workspaces.go:196.2,198.44 3 1
github.com/ktrysmt/go-bitbucket/workspaces.go:198.44,200.69 2 1
github.com/ktrysmt/go-bitbucket/workspaces.go:200.69,202.4 1 1
github.com/ktrysmt/go-bitbucket/workspaces.go:205.2,206.9 2 1
github.com/ktrysmt/go-bitbucket/workspaces.go:206.9,208.3 1 0
github.com/ktrysmt/go-bitbucket/workspaces.go:210.2,211.9 2 1
github.com/ktrysmt/go-bitbucket/workspaces.go:211.9,213.3 1 0
github.com/ktrysmt/go-bitbucket/workspaces.go:214.2,215.9 2 1
github.com/ktrysmt/go-bitbucket/workspaces.go:215.9,217.3 1 1
github.com/ktrysmt/go-bitbucket/workspaces.go:218.2,219.9 2 1
github.com/ktrysmt/go-bitbucket/workspaces.go:219.9,221.3 1 0
github.com/ktrysmt/go-bitbucket/workspaces.go:223.2,230.18 2 1
github.com/ktrysmt/go-bitbucket/workspaces.go:233.76,235.9 2 1
github.com/ktrysmt/go-bitbucket/workspaces.go:235.9,237.3 1 0
github.com/ktrysmt/go-bitbucket/workspaces.go:239.2,241.38 3 1
github.com/ktrysmt/go-bitbucket/workspaces.go:241.38,245.17 3 1
github.com/ktrysmt/go-bitbucket/workspaces.go:245.17,247.4 1 0
github.com/ktrysmt/go-bitbucket/workspaces.go:248.3,248.37 1 1
github.com/ktrysmt/go-bitbucket/workspaces.go:251.2,252.9 2 1
github.com/ktrysmt/go-bitbucket/workspaces.go:252.9,254.3 1 1
github.com/ktrysmt/go-bitbucket/workspaces.go:255.2,256.9 2 1
github.com/ktrysmt/go-bitbucket/workspaces.go:256.9,258.3 1 1
github.com/ktrysmt/go-bitbucket/workspaces.go:259.2,260.9 2 1
github.com/ktrysmt/go-bitbucket/workspaces.go:260.9,262.3 1 1
github.com/ktrysmt/go-bitbucket/workspaces.go:264.2,270.31 2 1
